[3.329s] Invoking command in '/home/ubuntu/picar_ws/build/my_picar_driver': PYTHONPATH=/home/ubuntu/picar_ws/build/my_picar_driver/prefix_override:/usr/lib/python3/dist-packages/colcon_core/task/python/colcon_distutils_commands:/home/ubuntu/picar_ws/install/my_picar_driver/lib/python3.12/site-packages:${PYTHONPATH} /usr/bin/python3 -W ignore:setup.py install is deprecated -W ignore:easy_install command is deprecated setup.py develop --editable --build-directory /home/ubuntu/picar_ws/build/my_picar_driver/build --no-deps symlink_data --force
[4.662s] running develop
[5.475s] running egg_info
[5.548s] writing my_picar_driver.egg-info/PKG-INFO
[5.549s] writing dependency_links to my_picar_driver.egg-info/dependency_links.txt
[5.550s] writing entry points to my_picar_driver.egg-info/entry_points.txt
[5.551s] writing requirements to my_picar_driver.egg-info/requires.txt
[5.552s] writing top-level names to my_picar_driver.egg-info/top_level.txt
[5.707s] reading manifest file 'my_picar_driver.egg-info/SOURCES.txt'
[5.711s] writing manifest file 'my_picar_driver.egg-info/SOURCES.txt'
[5.792s] running build_ext
[5.796s] Creating /home/ubuntu/picar_ws/install/my_picar_driver/lib/python3.12/site-packages/my-picar-driver.egg-link (link to .)
[5.798s] Installing battery_node script to /home/ubuntu/picar_ws/install/my_picar_driver/lib/my_picar_driver
[5.799s] Installing camera_driver script to /home/ubuntu/picar_ws/install/my_picar_driver/lib/my_picar_driver
[5.800s] Installing car_driver script to /home/ubuntu/picar_ws/install/my_picar_driver/lib/my_picar_driver
[5.801s] Installing gray_scale_node script to /home/ubuntu/picar_ws/install/my_picar_driver/lib/my_picar_driver
[5.802s] Installing safety_node script to /home/ubuntu/picar_ws/install/my_picar_driver/lib/my_picar_driver
[5.803s] Installing ultrasonic_node script to /home/ubuntu/picar_ws/install/my_picar_driver/lib/my_picar_driver
[5.805s] 
[5.805s] Installed /home/ubuntu/picar_ws/build/my_picar_driver
[5.806s] running symlink_data
[5.806s] symbolically linking /home/ubuntu/picar_ws/build/my_picar_driver/resource/my_picar_driver -> /home/ubuntu/picar_ws/install/my_picar_driver/share/ament_index/resource_index/packages
[5.807s] symbolically linking /home/ubuntu/picar_ws/build/my_picar_driver/package.xml -> /home/ubuntu/picar_ws/install/my_picar_driver/share/my_picar_driver
[5.964s] Invoked command in '/home/ubuntu/picar_ws/build/my_picar_driver' returned '0': PYTHONPATH=/home/ubuntu/picar_ws/build/my_picar_driver/prefix_override:/usr/lib/python3/dist-packages/colcon_core/task/python/colcon_distutils_commands:/home/ubuntu/picar_ws/install/my_picar_driver/lib/python3.12/site-packages:${PYTHONPATH} /usr/bin/python3 -W ignore:setup.py install is deprecated -W ignore:easy_install command is deprecated setup.py develop --editable --build-directory /home/ubuntu/picar_ws/build/my_picar_driver/build --no-deps symlink_data --force
