[4.202s] Invoking command in '/home/ubuntu/picar_ws/src/my_picar_driver': PYTHONPATH=/home/ubuntu/picar_ws/build/my_picar_driver/prefix_override:/usr/lib/python3/dist-packages/colcon_core/task/python/colcon_distutils_commands:/home/ubuntu/picar_ws/install/my_picar_driver/lib/python3.12/site-packages:${PYTHONPATH} /usr/bin/python3 -W ignore:setup.py install is deprecated -W ignore:easy_install command is deprecated setup.py egg_info --egg-base ../../build/my_picar_driver build --build-base /home/ubuntu/picar_ws/build/my_picar_driver/build install --record /home/ubuntu/picar_ws/build/my_picar_driver/install.log --single-version-externally-managed install_data
[5.306s] running egg_info
[5.384s] writing ../../build/my_picar_driver/my_picar_driver.egg-info/PKG-INFO
[5.385s] writing dependency_links to ../../build/my_picar_driver/my_picar_driver.egg-info/dependency_links.txt
[5.387s] writing entry points to ../../build/my_picar_driver/my_picar_driver.egg-info/entry_points.txt
[5.388s] writing requirements to ../../build/my_picar_driver/my_picar_driver.egg-info/requires.txt
[5.388s] writing top-level names to ../../build/my_picar_driver/my_picar_driver.egg-info/top_level.txt
[5.545s] reading manifest file '../../build/my_picar_driver/my_picar_driver.egg-info/SOURCES.txt'
[5.549s] writing manifest file '../../build/my_picar_driver/my_picar_driver.egg-info/SOURCES.txt'
[5.550s] running build
[5.550s] running build_py
[5.551s] copying my_picar_driver/camera_driver.py -> /home/ubuntu/picar_ws/build/my_picar_driver/build/lib/my_picar_driver
[5.553s] running install
[5.579s] running install_lib
[5.658s] copying /home/ubuntu/picar_ws/build/my_picar_driver/build/lib/my_picar_driver/camera_driver.py -> /home/ubuntu/picar_ws/install/my_picar_driver/lib/python3.12/site-packages/my_picar_driver
[5.661s] byte-compiling /home/ubuntu/picar_ws/install/my_picar_driver/lib/python3.12/site-packages/my_picar_driver/camera_driver.py to camera_driver.cpython-312.pyc
[5.663s] Sorry: IndentationError: expected an indented block after 'for' statement on line 20 (camera_driver.py, line 21)
[5.663s] running install_data
[5.664s] running install_egg_info
[5.752s] removing '/home/ubuntu/picar_ws/install/my_picar_driver/lib/python3.12/site-packages/my_picar_driver-0.0.0-py3.12.egg-info' (and everything under it)
[5.753s] Copying ../../build/my_picar_driver/my_picar_driver.egg-info to /home/ubuntu/picar_ws/install/my_picar_driver/lib/python3.12/site-packages/my_picar_driver-0.0.0-py3.12.egg-info
[5.761s] running install_scripts
[6.345s] Installing camera_driver script to /home/ubuntu/picar_ws/install/my_picar_driver/lib/my_picar_driver
[6.346s] Installing car_driver script to /home/ubuntu/picar_ws/install/my_picar_driver/lib/my_picar_driver
[6.348s] writing list of installed files to '/home/ubuntu/picar_ws/build/my_picar_driver/install.log'
[6.496s] Invoked command in '/home/ubuntu/picar_ws/src/my_picar_driver' returned '0': PYTHONPATH=/home/ubuntu/picar_ws/build/my_picar_driver/prefix_override:/usr/lib/python3/dist-packages/colcon_core/task/python/colcon_distutils_commands:/home/ubuntu/picar_ws/install/my_picar_driver/lib/python3.12/site-packages:${PYTHONPATH} /usr/bin/python3 -W ignore:setup.py install is deprecated -W ignore:easy_install command is deprecated setup.py egg_info --egg-base ../../build/my_picar_driver build --build-base /home/ubuntu/picar_ws/build/my_picar_driver/build install --record /home/ubuntu/picar_ws/build/my_picar_driver/install.log --single-version-externally-managed install_data
