[0.446s] DEBUG:colcon:Command line arguments: ['/usr/bin/colcon', 'build', '--symlink-install']
[0.447s] DEBUG:colcon:Parsed command line arguments: Namespace(log_base=None, log_level=None, verb_name='build', build_base='build', install_base='install', merge_install=False, symlink_install=True, test_result_base=None, continue_on_error=False, executor='parallel', parallel_workers=4, event_handlers=None, ignore_user_meta=False, metas=['./colcon.meta'], base_paths=['.'], packages_ignore=None, packages_ignore_regex=None, paths=None, packages_up_to=None, packages_up_to_regex=None, packages_above=None, packages_above_and_dependencies=None, packages_above_depth=None, packages_select_by_dep=None, packages_skip_by_dep=None, packages_skip_up_to=None, packages_select_build_failed=False, packages_skip_build_finished=False, packages_select_test_failures=False, packages_skip_test_passed=False, packages_select=None, packages_skip=None, packages_select_regex=None, packages_skip_regex=None, packages_start=None, packages_end=None, allow_overriding=[], cmake_args=None, cmake_target=None, cmake_target_skip_unavailable=False, cmake_clean_cache=False, cmake_clean_first=False, cmake_force_configure=False, ament_cmake_args=None, catkin_cmake_args=None, catkin_skip_building_tests=False, mixin_files=None, mixin=None, verb_parser=<colcon_mixin.mixin.mixin_argument.MixinArgumentDecorator object at 0xffff93babe00>, verb_extension=<colcon_core.verb.build.BuildVerb object at 0xffff93f3b860>, main=<bound method BuildVerb.main of <colcon_core.verb.build.BuildVerb object at 0xffff93f3b860>>, mixin_verb=('build',))
[0.616s] Level 1:colcon.colcon_core.package_discovery:discover_packages(colcon_meta) check parameters
[0.617s] Level 1:colcon.colcon_core.package_discovery:discover_packages(recursive) check parameters
[0.617s] Level 1:colcon.colcon_core.package_discovery:discover_packages(ignore) check parameters
[0.617s] Level 1:colcon.colcon_core.package_discovery:discover_packages(path) check parameters
[0.617s] Level 1:colcon.colcon_core.package_discovery:discover_packages(colcon_meta) discover
[0.617s] Level 1:colcon.colcon_core.package_discovery:discover_packages(recursive) discover
[0.617s] INFO:colcon.colcon_core.package_discovery:Crawling recursively for packages in '/home/ubuntu/picar_ws'
[0.618s] Level 1:colcon.colcon_core.package_identification:_identify(.) by extensions ['ignore', 'ignore_ament_install']
[0.618s] Level 1:colcon.colcon_core.package_identification:_identify(.) by extension 'ignore'
[0.618s] Level 1:colcon.colcon_core.package_identification:_identify(.) by extension 'ignore_ament_install'
[0.619s] Level 1:colcon.colcon_core.package_identification:_identify(.) by extensions ['colcon_pkg']
[0.619s] Level 1:colcon.colcon_core.package_identification:_identify(.) by extension 'colcon_pkg'
[0.619s] Level 1:colcon.colcon_core.package_identification:_identify(.) by extensions ['colcon_meta']
[0.619s] Level 1:colcon.colcon_core.package_identification:_identify(.) by extension 'colcon_meta'
[0.619s] Level 1:colcon.colcon_core.package_identification:_identify(.) by extensions ['ros']
[0.619s] Level 1:colcon.colcon_core.package_identification:_identify(.) by extension 'ros'
[0.721s] Level 1:colcon.colcon_core.package_identification:_identify(.) by extensions ['cmake', 'python']
[0.721s] Level 1:colcon.colcon_core.package_identification:_identify(.) by extension 'cmake'
[0.722s] Level 1:colcon.colcon_core.package_identification:_identify(.) by extension 'python'
[0.722s] Level 1:colcon.colcon_core.package_identification:_identify(.) by extensions ['python_setup_py']
[0.722s] Level 1:colcon.colcon_core.package_identification:_identify(.) by extension 'python_setup_py'
[0.723s] Level 1:colcon.colcon_core.package_identification:_identify(build) by extensions ['ignore', 'ignore_ament_install']
[0.723s] Level 1:colcon.colcon_core.package_identification:_identify(build) by extension 'ignore'
[0.723s] Level 1:colcon.colcon_core.package_identification:_identify(build) ignored
[0.724s] Level 1:colcon.colcon_core.package_identification:_identify(install) by extensions ['ignore', 'ignore_ament_install']
[0.724s] Level 1:colcon.colcon_core.package_identification:_identify(install) by extension 'ignore'
[0.724s] Level 1:colcon.colcon_core.package_identification:_identify(install) ignored
[0.725s] Level 1:colcon.colcon_core.package_identification:_identify(log) by extensions ['ignore', 'ignore_ament_install']
[0.725s] Level 1:colcon.colcon_core.package_identification:_identify(log) by extension 'ignore'
[0.726s] Level 1:colcon.colcon_core.package_identification:_identify(log) ignored
[0.726s] Level 1:colcon.colcon_core.package_identification:_identify(src) by extensions ['ignore', 'ignore_ament_install']
[0.726s] Level 1:colcon.colcon_core.package_identification:_identify(src) by extension 'ignore'
[0.727s] Level 1:colcon.colcon_core.package_identification:_identify(src) by extension 'ignore_ament_install'
[0.727s] Level 1:colcon.colcon_core.package_identification:_identify(src) by extensions ['colcon_pkg']
[0.727s] Level 1:colcon.colcon_core.package_identification:_identify(src) by extension 'colcon_pkg'
[0.727s] Level 1:colcon.colcon_core.package_identification:_identify(src) by extensions ['colcon_meta']
[0.727s] Level 1:colcon.colcon_core.package_identification:_identify(src) by extension 'colcon_meta'
[0.727s] Level 1:colcon.colcon_core.package_identification:_identify(src) by extensions ['ros']
[0.727s] Level 1:colcon.colcon_core.package_identification:_identify(src) by extension 'ros'
[0.728s] Level 1:colcon.colcon_core.package_identification:_identify(src) by extensions ['cmake', 'python']
[0.728s] Level 1:colcon.colcon_core.package_identification:_identify(src) by extension 'cmake'
[0.728s] Level 1:colcon.colcon_core.package_identification:_identify(src) by extension 'python'
[0.728s] Level 1:colcon.colcon_core.package_identification:_identify(src) by extensions ['python_setup_py']
[0.728s] Level 1:colcon.colcon_core.package_identification:_identify(src) by extension 'python_setup_py'
[0.729s] Level 1:colcon.colcon_core.package_identification:_identify(src/my_picar_driver) by extensions ['ignore', 'ignore_ament_install']
[0.729s] Level 1:colcon.colcon_core.package_identification:_identify(src/my_picar_driver) by extension 'ignore'
[0.729s] Level 1:colcon.colcon_core.package_identification:_identify(src/my_picar_driver) by extension 'ignore_ament_install'
[0.730s] Level 1:colcon.colcon_core.package_identification:_identify(src/my_picar_driver) by extensions ['colcon_pkg']
[0.730s] Level 1:colcon.colcon_core.package_identification:_identify(src/my_picar_driver) by extension 'colcon_pkg'
[0.730s] Level 1:colcon.colcon_core.package_identification:_identify(src/my_picar_driver) by extensions ['colcon_meta']
[0.730s] Level 1:colcon.colcon_core.package_identification:_identify(src/my_picar_driver) by extension 'colcon_meta'
[0.730s] Level 1:colcon.colcon_core.package_identification:_identify(src/my_picar_driver) by extensions ['ros']
[0.730s] Level 1:colcon.colcon_core.package_identification:_identify(src/my_picar_driver) by extension 'ros'
[0.743s] DEBUG:colcon.colcon_core.package_identification:Package 'src/my_picar_driver' with type 'ros.ament_python' and name 'my_picar_driver'
[0.743s] Level 1:colcon.colcon_core.package_discovery:discover_packages(recursive) using defaults
[0.743s] Level 1:colcon.colcon_core.package_discovery:discover_packages(ignore) discover
[0.744s] Level 1:colcon.colcon_core.package_discovery:discover_packages(ignore) using defaults
[0.744s] Level 1:colcon.colcon_core.package_discovery:discover_packages(path) discover
[0.744s] Level 1:colcon.colcon_core.package_discovery:discover_packages(path) using defaults
[0.815s] Level 1:colcon.colcon_core.package_discovery:discover_packages(prefix_path) check parameters
[0.816s] Level 1:colcon.colcon_core.package_discovery:discover_packages(prefix_path) discover
[0.823s] DEBUG:colcon.colcon_installed_package_information.package_discovery:Found 1 installed packages in /home/ubuntu/picar_ws/install
[0.831s] DEBUG:colcon.colcon_installed_package_information.package_discovery:Found 194 installed packages in /opt/ros/jazzy
[0.834s] Level 1:colcon.colcon_core.package_discovery:discover_packages(prefix_path) using defaults
[0.974s] Level 5:colcon.colcon_core.verb:set package 'my_picar_driver' build argument 'cmake_args' from command line to 'None'
[0.975s] Level 5:colcon.colcon_core.verb:set package 'my_picar_driver' build argument 'cmake_target' from command line to 'None'
[0.975s] Level 5:colcon.colcon_core.verb:set package 'my_picar_driver' build argument 'cmake_target_skip_unavailable' from command line to 'False'
[0.975s] Level 5:colcon.colcon_core.verb:set package 'my_picar_driver' build argument 'cmake_clean_cache' from command line to 'False'
[0.975s] Level 5:colcon.colcon_core.verb:set package 'my_picar_driver' build argument 'cmake_clean_first' from command line to 'False'
[0.975s] Level 5:colcon.colcon_core.verb:set package 'my_picar_driver' build argument 'cmake_force_configure' from command line to 'False'
[0.975s] Level 5:colcon.colcon_core.verb:set package 'my_picar_driver' build argument 'ament_cmake_args' from command line to 'None'
[0.975s] Level 5:colcon.colcon_core.verb:set package 'my_picar_driver' build argument 'catkin_cmake_args' from command line to 'None'
[0.975s] Level 5:colcon.colcon_core.verb:set package 'my_picar_driver' build argument 'catkin_skip_building_tests' from command line to 'False'
[0.976s] DEBUG:colcon.colcon_core.verb:Building package 'my_picar_driver' with the following arguments: {'ament_cmake_args': None, 'build_base': '/home/ubuntu/picar_ws/build/my_picar_driver', 'catkin_cmake_args': None, 'catkin_skip_building_tests': False, 'cmake_args': None, 'cmake_clean_cache': False, 'cmake_clean_first': False, 'cmake_force_configure': False, 'cmake_target': None, 'cmake_target_skip_unavailable': False, 'install_base': '/home/ubuntu/picar_ws/install/my_picar_driver', 'merge_install': False, 'path': '/home/ubuntu/picar_ws/src/my_picar_driver', 'symlink_install': True, 'test_result_base': None}
[0.976s] INFO:colcon.colcon_core.executor:Executing jobs using 'parallel' executor
[0.979s] DEBUG:colcon.colcon_parallel_executor.executor.parallel:run_until_complete
[0.980s] INFO:colcon.colcon_ros.task.ament_python.build:Building ROS package in '/home/ubuntu/picar_ws/src/my_picar_driver' with build type 'ament_python'
[0.981s] Level 1:colcon.colcon_core.shell:create_environment_hook('my_picar_driver', 'ament_prefix_path')
[0.990s] INFO:colcon.colcon_core.plugin_system:Skipping extension 'colcon_core.shell.bat': Not used on non-Windows systems
[0.991s] INFO:colcon.colcon_core.shell:Creating environment hook '/home/ubuntu/picar_ws/install/my_picar_driver/share/my_picar_driver/hook/ament_prefix_path.ps1'
[0.993s] INFO:colcon.colcon_core.shell:Creating environment descriptor '/home/ubuntu/picar_ws/install/my_picar_driver/share/my_picar_driver/hook/ament_prefix_path.dsv'
[0.996s] INFO:colcon.colcon_core.shell:Creating environment hook '/home/ubuntu/picar_ws/install/my_picar_driver/share/my_picar_driver/hook/ament_prefix_path.sh'
[0.999s] INFO:colcon.colcon_core.shell:Skip shell extension 'powershell' for command environment: Not usable outside of PowerShell
[0.999s] DEBUG:colcon.colcon_core.shell:Skip shell extension 'dsv' for command environment
[1.925s] INFO:colcon.colcon_core.task.python.build:Building Python package in '/home/ubuntu/picar_ws/src/my_picar_driver'
[1.926s] INFO:colcon.colcon_core.shell:Skip shell extension 'powershell' for command environment: Not usable outside of PowerShell
[1.926s] DEBUG:colcon.colcon_core.shell:Skip shell extension 'dsv' for command environment
[4.367s] DEBUG:colcon.colcon_core.event_handler.log_command:Invoking command in '/home/ubuntu/picar_ws/build/my_picar_driver': PYTHONPATH=/home/ubuntu/picar_ws/build/my_picar_driver/prefix_override:/usr/lib/python3/dist-packages/colcon_core/task/python/colcon_distutils_commands:/home/ubuntu/picar_ws/install/my_picar_driver/lib/python3.12/site-packages:${PYTHONPATH} /usr/bin/python3 -W ignore:setup.py install is deprecated -W ignore:easy_install command is deprecated setup.py develop --editable --build-directory /home/ubuntu/picar_ws/build/my_picar_driver/build --no-deps symlink_data
[7.041s] Level 1:colcon.colcon_core.shell:create_environment_hook('my_picar_driver', 'pythonpath_develop')
[7.042s] INFO:colcon.colcon_core.shell:Creating environment hook '/home/ubuntu/picar_ws/build/my_picar_driver/share/my_picar_driver/hook/pythonpath_develop.ps1'
[7.044s] DEBUG:colcon.colcon_core.event_handler.log_command:Invoked command in '/home/ubuntu/picar_ws/build/my_picar_driver' returned '0': PYTHONPATH=/home/ubuntu/picar_ws/build/my_picar_driver/prefix_override:/usr/lib/python3/dist-packages/colcon_core/task/python/colcon_distutils_commands:/home/ubuntu/picar_ws/install/my_picar_driver/lib/python3.12/site-packages:${PYTHONPATH} /usr/bin/python3 -W ignore:setup.py install is deprecated -W ignore:easy_install command is deprecated setup.py develop --editable --build-directory /home/ubuntu/picar_ws/build/my_picar_driver/build --no-deps symlink_data
[7.045s] INFO:colcon.colcon_core.shell:Creating environment descriptor '/home/ubuntu/picar_ws/build/my_picar_driver/share/my_picar_driver/hook/pythonpath_develop.dsv'
[7.048s] INFO:colcon.colcon_core.shell:Creating environment hook '/home/ubuntu/picar_ws/build/my_picar_driver/share/my_picar_driver/hook/pythonpath_develop.sh'
[7.063s] Level 1:colcon.colcon_core.environment:checking '/home/ubuntu/picar_ws/install/my_picar_driver' for CMake module files
[7.066s] Level 1:colcon.colcon_core.environment:checking '/home/ubuntu/picar_ws/install/my_picar_driver' for CMake config files
[7.069s] Level 1:colcon.colcon_core.environment:checking '/home/ubuntu/picar_ws/install/my_picar_driver/lib'
[7.070s] Level 1:colcon.colcon_core.environment:checking '/home/ubuntu/picar_ws/install/my_picar_driver/bin'
[7.070s] Level 1:colcon.colcon_core.environment:checking '/home/ubuntu/picar_ws/install/my_picar_driver/lib/pkgconfig/my_picar_driver.pc'
[7.071s] Level 1:colcon.colcon_core.environment:checking '/home/ubuntu/picar_ws/install/my_picar_driver/lib/python3.12/site-packages'
[7.072s] Level 1:colcon.colcon_core.shell:create_environment_hook('my_picar_driver', 'pythonpath')
[7.072s] INFO:colcon.colcon_core.shell:Creating environment hook '/home/ubuntu/picar_ws/install/my_picar_driver/share/my_picar_driver/hook/pythonpath.ps1'
[7.074s] INFO:colcon.colcon_core.shell:Creating environment descriptor '/home/ubuntu/picar_ws/install/my_picar_driver/share/my_picar_driver/hook/pythonpath.dsv'
[7.076s] INFO:colcon.colcon_core.shell:Creating environment hook '/home/ubuntu/picar_ws/install/my_picar_driver/share/my_picar_driver/hook/pythonpath.sh'
[7.079s] Level 1:colcon.colcon_core.environment:checking '/home/ubuntu/picar_ws/install/my_picar_driver/bin'
[7.079s] Level 1:colcon.colcon_core.environment:create_environment_scripts_only(my_picar_driver)
[7.080s] INFO:colcon.colcon_core.shell:Creating package script '/home/ubuntu/picar_ws/install/my_picar_driver/share/my_picar_driver/package.ps1'
[7.083s] INFO:colcon.colcon_core.shell:Creating package descriptor '/home/ubuntu/picar_ws/install/my_picar_driver/share/my_picar_driver/package.dsv'
[7.086s] INFO:colcon.colcon_core.shell:Creating package script '/home/ubuntu/picar_ws/install/my_picar_driver/share/my_picar_driver/package.sh'
[7.089s] INFO:colcon.colcon_core.shell:Creating package script '/home/ubuntu/picar_ws/install/my_picar_driver/share/my_picar_driver/package.bash'
[7.092s] INFO:colcon.colcon_core.shell:Creating package script '/home/ubuntu/picar_ws/install/my_picar_driver/share/my_picar_driver/package.zsh'
[7.095s] Level 1:colcon.colcon_core.environment:create_file_with_runtime_dependencies(/home/ubuntu/picar_ws/install/my_picar_driver/share/colcon-core/packages/my_picar_driver)
[7.096s] DEBUG:colcon.colcon_parallel_executor.executor.parallel:closing loop
[7.098s] DEBUG:colcon.colcon_parallel_executor.executor.parallel:loop closed
[7.098s] DEBUG:colcon.colcon_parallel_executor.executor.parallel:run_until_complete finished with '0'
[7.099s] DEBUG:colcon.colcon_core.event_reactor:joining thread
[7.119s] INFO:colcon.colcon_core.plugin_system:Skipping extension 'colcon_notification.desktop_notification.notify_send': Could not find 'notify-send'
[7.119s] INFO:colcon.colcon_core.plugin_system:Skipping extension 'colcon_notification.desktop_notification.terminal_notifier': Not used on non-Darwin systems
[7.119s] INFO:colcon.colcon_core.plugin_system:Skipping extension 'colcon_notification.desktop_notification.win32': Not used on non-Windows systems
[7.120s] INFO:colcon.colcon_notification.desktop_notification:Sending desktop notification using 'notify2'
[7.123s] DEBUG:colcon.colcon_notification.desktop_notification.notify2:Failed to initialize notify2: org.freedesktop.DBus.Error.ServiceUnknown: The name org.freedesktop.Notifications was not provided by any .service files
[7.123s] DEBUG:colcon.colcon_core.event_reactor:joined thread
[7.124s] INFO:colcon.colcon_core.shell:Creating prefix script '/home/ubuntu/picar_ws/install/local_setup.ps1'
[7.127s] INFO:colcon.colcon_core.shell:Creating prefix util module '/home/ubuntu/picar_ws/install/_local_setup_util_ps1.py'
[7.132s] INFO:colcon.colcon_core.shell:Creating prefix chain script '/home/ubuntu/picar_ws/install/setup.ps1'
[7.136s] INFO:colcon.colcon_core.shell:Creating prefix script '/home/ubuntu/picar_ws/install/local_setup.sh'
[7.139s] INFO:colcon.colcon_core.shell:Creating prefix util module '/home/ubuntu/picar_ws/install/_local_setup_util_sh.py'
[7.142s] INFO:colcon.colcon_core.shell:Creating prefix chain script '/home/ubuntu/picar_ws/install/setup.sh'
[7.146s] INFO:colcon.colcon_core.shell:Creating prefix script '/home/ubuntu/picar_ws/install/local_setup.bash'
[7.148s] INFO:colcon.colcon_core.shell:Creating prefix chain script '/home/ubuntu/picar_ws/install/setup.bash'
[7.151s] INFO:colcon.colcon_core.shell:Creating prefix script '/home/ubuntu/picar_ws/install/local_setup.zsh'
[7.154s] INFO:colcon.colcon_core.shell:Creating prefix chain script '/home/ubuntu/picar_ws/install/setup.zsh'
