[3.427s] Invoking command in '/home/ubuntu/picar_ws/build/my_picar_driver': PYTHONPATH=/home/ubuntu/picar_ws/build/my_picar_driver/prefix_override:/usr/lib/python3/dist-packages/colcon_core/task/python/colcon_distutils_commands:/home/ubuntu/picar_ws/install/my_picar_driver/lib/python3.12/site-packages:${PYTHONPATH} /usr/bin/python3 -W ignore:setup.py install is deprecated -W ignore:easy_install command is deprecated setup.py develop --editable --build-directory /home/ubuntu/picar_ws/build/my_picar_driver/build --no-deps symlink_data --force
[4.759s] running develop
[5.578s] running egg_info
[5.650s] writing my_picar_driver.egg-info/PKG-INFO
[5.651s] writing dependency_links to my_picar_driver.egg-info/dependency_links.txt
[5.654s] writing entry points to my_picar_driver.egg-info/entry_points.txt
[5.655s] writing requirements to my_picar_driver.egg-info/requires.txt
[5.656s] writing top-level names to my_picar_driver.egg-info/top_level.txt
[5.814s] reading manifest file 'my_picar_driver.egg-info/SOURCES.txt'
[5.818s] writing manifest file 'my_picar_driver.egg-info/SOURCES.txt'
[5.898s] running build_ext
[5.902s] Creating /home/ubuntu/picar_ws/install/my_picar_driver/lib/python3.12/site-packages/my-picar-driver.egg-link (link to .)
[5.905s] Installing camera_driver script to /home/ubuntu/picar_ws/install/my_picar_driver/lib/my_picar_driver
[5.906s] Installing car_driver script to /home/ubuntu/picar_ws/install/my_picar_driver/lib/my_picar_driver
[5.908s] 
[5.908s] Installed /home/ubuntu/picar_ws/build/my_picar_driver
[5.909s] running symlink_data
[5.909s] symbolically linking /home/ubuntu/picar_ws/build/my_picar_driver/resource/my_picar_driver -> /home/ubuntu/picar_ws/install/my_picar_driver/share/ament_index/resource_index/packages
[5.910s] symbolically linking /home/ubuntu/picar_ws/build/my_picar_driver/package.xml -> /home/ubuntu/picar_ws/install/my_picar_driver/share/my_picar_driver
[6.067s] Invoked command in '/home/ubuntu/picar_ws/build/my_picar_driver' returned '0': PYTHONPATH=/home/ubuntu/picar_ws/build/my_picar_driver/prefix_override:/usr/lib/python3/dist-packages/colcon_core/task/python/colcon_distutils_commands:/home/ubuntu/picar_ws/install/my_picar_driver/lib/python3.12/site-packages:${PYTHONPATH} /usr/bin/python3 -W ignore:setup.py install is deprecated -W ignore:easy_install command is deprecated setup.py develop --editable --build-directory /home/ubuntu/picar_ws/build/my_picar_driver/build --no-deps symlink_data --force
