[3.469s] Invoking command in '/home/ubuntu/picar_ws/src/my_picar_driver': PYTHONPATH=/home/ubuntu/picar_ws/build/my_picar_driver/prefix_override:/usr/lib/python3/dist-packages/colcon_core/task/python/colcon_distutils_commands:/home/ubuntu/picar_ws/install/my_picar_driver/lib/python3.12/site-packages:${PYTHONPATH} /usr/bin/python3 -W ignore:setup.py install is deprecated -W ignore:easy_install command is deprecated setup.py egg_info --egg-base ../../build/my_picar_driver build --build-base /home/ubuntu/picar_ws/build/my_picar_driver/build install --record /home/ubuntu/picar_ws/build/my_picar_driver/install.log --single-version-externally-managed install_data
[4.571s] running egg_info
[4.645s] writing ../../build/my_picar_driver/my_picar_driver.egg-info/PKG-INFO
[4.647s] writing dependency_links to ../../build/my_picar_driver/my_picar_driver.egg-info/dependency_links.txt
[4.648s] writing entry points to ../../build/my_picar_driver/my_picar_driver.egg-info/entry_points.txt
[4.649s] writing requirements to ../../build/my_picar_driver/my_picar_driver.egg-info/requires.txt
[4.650s] writing top-level names to ../../build/my_picar_driver/my_picar_driver.egg-info/top_level.txt
[4.812s] reading manifest file '../../build/my_picar_driver/my_picar_driver.egg-info/SOURCES.txt'
[4.816s] writing manifest file '../../build/my_picar_driver/my_picar_driver.egg-info/SOURCES.txt'
[4.816s] running build
[4.817s] running build_py
[4.817s] copying my_picar_driver/camera_driver.py -> /home/ubuntu/picar_ws/build/my_picar_driver/build/lib/my_picar_driver
[4.820s] running install
[4.844s] running install_lib
[4.924s] copying /home/ubuntu/picar_ws/build/my_picar_driver/build/lib/my_picar_driver/camera_driver.py -> /home/ubuntu/picar_ws/install/my_picar_driver/lib/python3.12/site-packages/my_picar_driver
[4.927s] byte-compiling /home/ubuntu/picar_ws/install/my_picar_driver/lib/python3.12/site-packages/my_picar_driver/camera_driver.py to camera_driver.cpython-312.pyc
[4.930s] running install_data
[4.931s] running install_egg_info
[5.015s] removing '/home/ubuntu/picar_ws/install/my_picar_driver/lib/python3.12/site-packages/my_picar_driver-0.0.0-py3.12.egg-info' (and everything under it)
[5.017s] Copying ../../build/my_picar_driver/my_picar_driver.egg-info to /home/ubuntu/picar_ws/install/my_picar_driver/lib/python3.12/site-packages/my_picar_driver-0.0.0-py3.12.egg-info
[5.024s] running install_scripts
[5.645s] Installing camera_driver script to /home/ubuntu/picar_ws/install/my_picar_driver/lib/my_picar_driver
[5.647s] Installing car_driver script to /home/ubuntu/picar_ws/install/my_picar_driver/lib/my_picar_driver
[5.650s] writing list of installed files to '/home/ubuntu/picar_ws/build/my_picar_driver/install.log'
[5.811s] Invoked command in '/home/ubuntu/picar_ws/src/my_picar_driver' returned '0': PYTHONPATH=/home/ubuntu/picar_ws/build/my_picar_driver/prefix_override:/usr/lib/python3/dist-packages/colcon_core/task/python/colcon_distutils_commands:/home/ubuntu/picar_ws/install/my_picar_driver/lib/python3.12/site-packages:${PYTHONPATH} /usr/bin/python3 -W ignore:setup.py install is deprecated -W ignore:easy_install command is deprecated setup.py egg_info --egg-base ../../build/my_picar_driver build --build-base /home/ubuntu/picar_ws/build/my_picar_driver/build install --record /home/ubuntu/picar_ws/build/my_picar_driver/install.log --single-version-externally-managed install_data
