running egg_info
creating ../../build/my_picar_driver/my_picar_driver.egg-info
writing ../../build/my_picar_driver/my_picar_driver.egg-info/PKG-INFO
writing dependency_links to ../../build/my_picar_driver/my_picar_driver.egg-info/dependency_links.txt
writing entry points to ../../build/my_picar_driver/my_picar_driver.egg-info/entry_points.txt
writing requirements to ../../build/my_picar_driver/my_picar_driver.egg-info/requires.txt
writing top-level names to ../../build/my_picar_driver/my_picar_driver.egg-info/top_level.txt
writing manifest file '../../build/my_picar_driver/my_picar_driver.egg-info/SOURCES.txt'
reading manifest file '../../build/my_picar_driver/my_picar_driver.egg-info/SOURCES.txt'
writing manifest file '../../build/my_picar_driver/my_picar_driver.egg-info/SOURCES.txt'
running build
running build_py
creating /home/ubuntu/picar_ws/build/my_picar_driver/build
creating /home/ubuntu/picar_ws/build/my_picar_driver/build/lib
creating /home/ubuntu/picar_ws/build/my_picar_driver/build/lib/my_picar_driver
copying my_picar_driver/__init__.py -> /home/ubuntu/picar_ws/build/my_picar_driver/build/lib/my_picar_driver
copying my_picar_driver/car_driver.py -> /home/ubuntu/picar_ws/build/my_picar_driver/build/lib/my_picar_driver
running install
running install_lib
creating /home/ubuntu/picar_ws/install/my_picar_driver/lib/python3.12/site-packages/my_picar_driver
copying /home/ubuntu/picar_ws/build/my_picar_driver/build/lib/my_picar_driver/__init__.py -> /home/ubuntu/picar_ws/install/my_picar_driver/lib/python3.12/site-packages/my_picar_driver
copying /home/ubuntu/picar_ws/build/my_picar_driver/build/lib/my_picar_driver/car_driver.py -> /home/ubuntu/picar_ws/install/my_picar_driver/lib/python3.12/site-packages/my_picar_driver
byte-compiling /home/ubuntu/picar_ws/install/my_picar_driver/lib/python3.12/site-packages/my_picar_driver/__init__.py to __init__.cpython-312.pyc
byte-compiling /home/ubuntu/picar_ws/install/my_picar_driver/lib/python3.12/site-packages/my_picar_driver/car_driver.py to car_driver.cpython-312.pyc
running install_data
creating /home/ubuntu/picar_ws/install/my_picar_driver/share/ament_index
creating /home/ubuntu/picar_ws/install/my_picar_driver/share/ament_index/resource_index
creating /home/ubuntu/picar_ws/install/my_picar_driver/share/ament_index/resource_index/packages
copying resource/my_picar_driver -> /home/ubuntu/picar_ws/install/my_picar_driver/share/ament_index/resource_index/packages
copying package.xml -> /home/ubuntu/picar_ws/install/my_picar_driver/share/my_picar_driver
running install_egg_info
Copying ../../build/my_picar_driver/my_picar_driver.egg-info to /home/ubuntu/picar_ws/install/my_picar_driver/lib/python3.12/site-packages/my_picar_driver-0.0.0-py3.12.egg-info
running install_scripts
Installing car_driver script to /home/ubuntu/picar_ws/install/my_picar_driver/lib/my_picar_driver
writing list of installed files to '/home/ubuntu/picar_ws/build/my_picar_driver/install.log'
