[3.536s] Invoking command in '/home/ubuntu/picar_ws/src/my_picar_driver': PYTHONPATH=/home/ubuntu/picar_ws/build/my_picar_driver/prefix_override:/usr/lib/python3/dist-packages/colcon_core/task/python/colcon_distutils_commands:/home/ubuntu/picar_ws/install/my_picar_driver/lib/python3.12/site-packages:${PYTHONPATH} /usr/bin/python3 -W ignore:setup.py install is deprecated -W ignore:easy_install command is deprecated setup.py egg_info --egg-base ../../build/my_picar_driver build --build-base /home/ubuntu/picar_ws/build/my_picar_driver/build install --record /home/ubuntu/picar_ws/build/my_picar_driver/install.log --single-version-externally-managed install_data
[4.560s] running egg_info
[4.561s] creating ../../build/my_picar_driver/my_picar_driver.egg-info
[4.629s] writing ../../build/my_picar_driver/my_picar_driver.egg-info/PKG-INFO
[4.630s] writing dependency_links to ../../build/my_picar_driver/my_picar_driver.egg-info/dependency_links.txt
[4.631s] writing entry points to ../../build/my_picar_driver/my_picar_driver.egg-info/entry_points.txt
[4.631s] writing requirements to ../../build/my_picar_driver/my_picar_driver.egg-info/requires.txt
[4.632s] writing top-level names to ../../build/my_picar_driver/my_picar_driver.egg-info/top_level.txt
[4.633s] writing manifest file '../../build/my_picar_driver/my_picar_driver.egg-info/SOURCES.txt'
[4.776s] reading manifest file '../../build/my_picar_driver/my_picar_driver.egg-info/SOURCES.txt'
[4.778s] writing manifest file '../../build/my_picar_driver/my_picar_driver.egg-info/SOURCES.txt'
[4.779s] running build
[4.780s] running build_py
[4.780s] creating /home/ubuntu/picar_ws/build/my_picar_driver/build
[4.781s] creating /home/ubuntu/picar_ws/build/my_picar_driver/build/lib
[4.781s] creating /home/ubuntu/picar_ws/build/my_picar_driver/build/lib/my_picar_driver
[4.782s] copying my_picar_driver/__init__.py -> /home/ubuntu/picar_ws/build/my_picar_driver/build/lib/my_picar_driver
[4.782s] copying my_picar_driver/car_driver.py -> /home/ubuntu/picar_ws/build/my_picar_driver/build/lib/my_picar_driver
[4.783s] running install
[4.806s] running install_lib
[4.877s] creating /home/ubuntu/picar_ws/install/my_picar_driver/lib/python3.12/site-packages/my_picar_driver
[4.878s] copying /home/ubuntu/picar_ws/build/my_picar_driver/build/lib/my_picar_driver/__init__.py -> /home/ubuntu/picar_ws/install/my_picar_driver/lib/python3.12/site-packages/my_picar_driver
[4.879s] copying /home/ubuntu/picar_ws/build/my_picar_driver/build/lib/my_picar_driver/car_driver.py -> /home/ubuntu/picar_ws/install/my_picar_driver/lib/python3.12/site-packages/my_picar_driver
[4.881s] byte-compiling /home/ubuntu/picar_ws/install/my_picar_driver/lib/python3.12/site-packages/my_picar_driver/__init__.py to __init__.cpython-312.pyc
[4.883s] byte-compiling /home/ubuntu/picar_ws/install/my_picar_driver/lib/python3.12/site-packages/my_picar_driver/car_driver.py to car_driver.cpython-312.pyc
[4.885s] running install_data
[4.886s] creating /home/ubuntu/picar_ws/install/my_picar_driver/share/ament_index
[4.886s] creating /home/ubuntu/picar_ws/install/my_picar_driver/share/ament_index/resource_index
[4.887s] creating /home/ubuntu/picar_ws/install/my_picar_driver/share/ament_index/resource_index/packages
[4.887s] copying resource/my_picar_driver -> /home/ubuntu/picar_ws/install/my_picar_driver/share/ament_index/resource_index/packages
[4.888s] copying package.xml -> /home/ubuntu/picar_ws/install/my_picar_driver/share/my_picar_driver
[4.888s] running install_egg_info
[4.963s] Copying ../../build/my_picar_driver/my_picar_driver.egg-info to /home/ubuntu/picar_ws/install/my_picar_driver/lib/python3.12/site-packages/my_picar_driver-0.0.0-py3.12.egg-info
[4.969s] running install_scripts
[5.490s] Installing car_driver script to /home/ubuntu/picar_ws/install/my_picar_driver/lib/my_picar_driver
[5.491s] writing list of installed files to '/home/ubuntu/picar_ws/build/my_picar_driver/install.log'
[5.632s] Invoked command in '/home/ubuntu/picar_ws/src/my_picar_driver' returned '0': PYTHONPATH=/home/ubuntu/picar_ws/build/my_picar_driver/prefix_override:/usr/lib/python3/dist-packages/colcon_core/task/python/colcon_distutils_commands:/home/ubuntu/picar_ws/install/my_picar_driver/lib/python3.12/site-packages:${PYTHONPATH} /usr/bin/python3 -W ignore:setup.py install is deprecated -W ignore:easy_install command is deprecated setup.py egg_info --egg-base ../../build/my_picar_driver build --build-base /home/ubuntu/picar_ws/build/my_picar_driver/build install --record /home/ubuntu/picar_ws/build/my_picar_driver/install.log --single-version-externally-managed install_data
