[3.399s] Invoking command in '/home/ubuntu/picar_ws/build/my_picar_driver': PYTHONPATH=/home/ubuntu/picar_ws/build/my_picar_driver/prefix_override:/usr/lib/python3/dist-packages/colcon_core/task/python/colcon_distutils_commands:/home/ubuntu/picar_ws/install/my_picar_driver/lib/python3.12/site-packages:${PYTHONPATH} /usr/bin/python3 -W ignore:setup.py install is deprecated -W ignore:easy_install command is deprecated setup.py develop --editable --build-directory /home/ubuntu/picar_ws/build/my_picar_driver/build --no-deps symlink_data
[4.756s] running develop
[5.596s] running egg_info
[5.670s] writing my_picar_driver.egg-info/PKG-INFO
[5.672s] writing dependency_links to my_picar_driver.egg-info/dependency_links.txt
[5.673s] writing entry points to my_picar_driver.egg-info/entry_points.txt
[5.675s] writing requirements to my_picar_driver.egg-info/requires.txt
[5.676s] writing top-level names to my_picar_driver.egg-info/top_level.txt
[5.833s] reading manifest file 'my_picar_driver.egg-info/SOURCES.txt'
[5.837s] writing manifest file 'my_picar_driver.egg-info/SOURCES.txt'
[5.916s] running build_ext
[5.917s] Creating /home/ubuntu/picar_ws/install/my_picar_driver/lib/python3.12/site-packages/my-picar-driver.egg-link (link to .)
[5.920s] Installing battery_node script to /home/ubuntu/picar_ws/install/my_picar_driver/lib/my_picar_driver
[5.921s] Installing camera_driver script to /home/ubuntu/picar_ws/install/my_picar_driver/lib/my_picar_driver
[5.922s] Installing car_driver script to /home/ubuntu/picar_ws/install/my_picar_driver/lib/my_picar_driver
[5.923s] Installing gray_scale_node script to /home/ubuntu/picar_ws/install/my_picar_driver/lib/my_picar_driver
[5.923s] Installing safety_node script to /home/ubuntu/picar_ws/install/my_picar_driver/lib/my_picar_driver
[5.924s] Installing ultrasonic_node script to /home/ubuntu/picar_ws/install/my_picar_driver/lib/my_picar_driver
[5.926s] 
[5.926s] Installed /home/ubuntu/picar_ws/build/my_picar_driver
[5.927s] running symlink_data
[6.087s] Invoked command in '/home/ubuntu/picar_ws/build/my_picar_driver' returned '0': PYTHONPATH=/home/ubuntu/picar_ws/build/my_picar_driver/prefix_override:/usr/lib/python3/dist-packages/colcon_core/task/python/colcon_distutils_commands:/home/ubuntu/picar_ws/install/my_picar_driver/lib/python3.12/site-packages:${PYTHONPATH} /usr/bin/python3 -W ignore:setup.py install is deprecated -W ignore:easy_install command is deprecated setup.py develop --editable --build-directory /home/ubuntu/picar_ws/build/my_picar_driver/build --no-deps symlink_data
