[0.688s] DEBUG:colcon:Command line arguments: ['/usr/bin/colcon', 'build']
[0.688s] DEBUG:colcon:Parsed command line arguments: Namespace(log_base=None, log_level=None, verb_name='build', build_base='build', install_base='install', merge_install=False, symlink_install=False, test_result_base=None, continue_on_error=False, executor='parallel', parallel_workers=4, event_handlers=None, ignore_user_meta=False, metas=['./colcon.meta'], base_paths=['.'], packages_ignore=None, packages_ignore_regex=None, paths=None, packages_up_to=None, packages_up_to_regex=None, packages_above=None, packages_above_and_dependencies=None, packages_above_depth=None, packages_select_by_dep=None, packages_skip_by_dep=None, packages_skip_up_to=None, packages_select_build_failed=False, packages_skip_build_finished=False, packages_select_test_failures=False, packages_skip_test_passed=False, packages_select=None, packages_skip=None, packages_select_regex=None, packages_skip_regex=None, packages_start=None, packages_end=None, allow_overriding=[], cmake_args=None, cmake_target=None, cmake_target_skip_unavailable=False, cmake_clean_cache=False, cmake_clean_first=False, cmake_force_configure=False, ament_cmake_args=None, catkin_cmake_args=None, catkin_skip_building_tests=False, mixin_files=None, mixin=None, verb_parser=<colcon_mixin.mixin.mixin_argument.MixinArgumentDecorator object at 0xffffb6febb60>, verb_extension=<colcon_core.verb.build.BuildVerb object at 0xffffb71ad4f0>, main=<bound method BuildVerb.main of <colcon_core.verb.build.BuildVerb object at 0xffffb71ad4f0>>, mixin_verb=('build',))
[0.876s] Level 1:colcon.colcon_core.package_discovery:discover_packages(colcon_meta) check parameters
[0.877s] Level 1:colcon.colcon_core.package_discovery:discover_packages(recursive) check parameters
[0.877s] Level 1:colcon.colcon_core.package_discovery:discover_packages(ignore) check parameters
[0.877s] Level 1:colcon.colcon_core.package_discovery:discover_packages(path) check parameters
[0.877s] Level 1:colcon.colcon_core.package_discovery:discover_packages(colcon_meta) discover
[0.877s] Level 1:colcon.colcon_core.package_discovery:discover_packages(recursive) discover
[0.878s] INFO:colcon.colcon_core.package_discovery:Crawling recursively for packages in '/home/ubuntu/picar_ws'
[0.878s] Level 1:colcon.colcon_core.package_identification:_identify(.) by extensions ['ignore', 'ignore_ament_install']
[0.878s] Level 1:colcon.colcon_core.package_identification:_identify(.) by extension 'ignore'
[0.879s] Level 1:colcon.colcon_core.package_identification:_identify(.) by extension 'ignore_ament_install'
[0.879s] Level 1:colcon.colcon_core.package_identification:_identify(.) by extensions ['colcon_pkg']
[0.879s] Level 1:colcon.colcon_core.package_identification:_identify(.) by extension 'colcon_pkg'
[0.879s] Level 1:colcon.colcon_core.package_identification:_identify(.) by extensions ['colcon_meta']
[0.879s] Level 1:colcon.colcon_core.package_identification:_identify(.) by extension 'colcon_meta'
[0.880s] Level 1:colcon.colcon_core.package_identification:_identify(.) by extensions ['ros']
[0.880s] Level 1:colcon.colcon_core.package_identification:_identify(.) by extension 'ros'
[1.019s] Level 1:colcon.colcon_core.package_identification:_identify(.) by extensions ['cmake', 'python']
[1.020s] Level 1:colcon.colcon_core.package_identification:_identify(.) by extension 'cmake'
[1.020s] Level 1:colcon.colcon_core.package_identification:_identify(.) by extension 'python'
[1.020s] Level 1:colcon.colcon_core.package_identification:_identify(.) by extensions ['python_setup_py']
[1.020s] Level 1:colcon.colcon_core.package_identification:_identify(.) by extension 'python_setup_py'
[1.021s] Level 1:colcon.colcon_core.package_identification:_identify(build) by extensions ['ignore', 'ignore_ament_install']
[1.021s] Level 1:colcon.colcon_core.package_identification:_identify(build) by extension 'ignore'
[1.021s] Level 1:colcon.colcon_core.package_identification:_identify(build) ignored
[1.022s] Level 1:colcon.colcon_core.package_identification:_identify(install) by extensions ['ignore', 'ignore_ament_install']
[1.022s] Level 1:colcon.colcon_core.package_identification:_identify(install) by extension 'ignore'
[1.023s] Level 1:colcon.colcon_core.package_identification:_identify(install) ignored
[1.023s] Level 1:colcon.colcon_core.package_identification:_identify(log) by extensions ['ignore', 'ignore_ament_install']
[1.024s] Level 1:colcon.colcon_core.package_identification:_identify(log) by extension 'ignore'
[1.024s] Level 1:colcon.colcon_core.package_identification:_identify(log) ignored
[1.024s] Level 1:colcon.colcon_core.package_identification:_identify(src) by extensions ['ignore', 'ignore_ament_install']
[1.025s] Level 1:colcon.colcon_core.package_identification:_identify(src) by extension 'ignore'
[1.025s] Level 1:colcon.colcon_core.package_identification:_identify(src) by extension 'ignore_ament_install'
[1.025s] Level 1:colcon.colcon_core.package_identification:_identify(src) by extensions ['colcon_pkg']
[1.025s] Level 1:colcon.colcon_core.package_identification:_identify(src) by extension 'colcon_pkg'
[1.025s] Level 1:colcon.colcon_core.package_identification:_identify(src) by extensions ['colcon_meta']
[1.026s] Level 1:colcon.colcon_core.package_identification:_identify(src) by extension 'colcon_meta'
[1.026s] Level 1:colcon.colcon_core.package_identification:_identify(src) by extensions ['ros']
[1.026s] Level 1:colcon.colcon_core.package_identification:_identify(src) by extension 'ros'
[1.026s] Level 1:colcon.colcon_core.package_identification:_identify(src) by extensions ['cmake', 'python']
[1.026s] Level 1:colcon.colcon_core.package_identification:_identify(src) by extension 'cmake'
[1.026s] Level 1:colcon.colcon_core.package_identification:_identify(src) by extension 'python'
[1.027s] Level 1:colcon.colcon_core.package_identification:_identify(src) by extensions ['python_setup_py']
[1.027s] Level 1:colcon.colcon_core.package_identification:_identify(src) by extension 'python_setup_py'
[1.027s] Level 1:colcon.colcon_core.package_identification:_identify(src/my_picar_driver) by extensions ['ignore', 'ignore_ament_install']
[1.028s] Level 1:colcon.colcon_core.package_identification:_identify(src/my_picar_driver) by extension 'ignore'
[1.028s] Level 1:colcon.colcon_core.package_identification:_identify(src/my_picar_driver) by extension 'ignore_ament_install'
[1.028s] Level 1:colcon.colcon_core.package_identification:_identify(src/my_picar_driver) by extensions ['colcon_pkg']
[1.028s] Level 1:colcon.colcon_core.package_identification:_identify(src/my_picar_driver) by extension 'colcon_pkg'
[1.028s] Level 1:colcon.colcon_core.package_identification:_identify(src/my_picar_driver) by extensions ['colcon_meta']
[1.029s] Level 1:colcon.colcon_core.package_identification:_identify(src/my_picar_driver) by extension 'colcon_meta'
[1.029s] Level 1:colcon.colcon_core.package_identification:_identify(src/my_picar_driver) by extensions ['ros']
[1.029s] Level 1:colcon.colcon_core.package_identification:_identify(src/my_picar_driver) by extension 'ros'
[1.046s] DEBUG:colcon.colcon_core.package_identification:Package 'src/my_picar_driver' with type 'ros.ament_python' and name 'my_picar_driver'
[1.047s] Level 1:colcon.colcon_core.package_discovery:discover_packages(recursive) using defaults
[1.047s] Level 1:colcon.colcon_core.package_discovery:discover_packages(ignore) discover
[1.047s] Level 1:colcon.colcon_core.package_discovery:discover_packages(ignore) using defaults
[1.047s] Level 1:colcon.colcon_core.package_discovery:discover_packages(path) discover
[1.047s] Level 1:colcon.colcon_core.package_discovery:discover_packages(path) using defaults
[1.147s] Level 1:colcon.colcon_core.package_discovery:discover_packages(prefix_path) check parameters
[1.147s] Level 1:colcon.colcon_core.package_discovery:discover_packages(prefix_path) discover
[1.161s] DEBUG:colcon.colcon_installed_package_information.package_discovery:Found 1 installed packages in /home/ubuntu/picar_ws/install
[1.170s] DEBUG:colcon.colcon_installed_package_information.package_discovery:Found 194 installed packages in /opt/ros/jazzy
[1.173s] Level 1:colcon.colcon_core.package_discovery:discover_packages(prefix_path) using defaults
[1.309s] Level 5:colcon.colcon_core.verb:set package 'my_picar_driver' build argument 'cmake_args' from command line to 'None'
[1.309s] Level 5:colcon.colcon_core.verb:set package 'my_picar_driver' build argument 'cmake_target' from command line to 'None'
[1.309s] Level 5:colcon.colcon_core.verb:set package 'my_picar_driver' build argument 'cmake_target_skip_unavailable' from command line to 'False'
[1.309s] Level 5:colcon.colcon_core.verb:set package 'my_picar_driver' build argument 'cmake_clean_cache' from command line to 'False'
[1.309s] Level 5:colcon.colcon_core.verb:set package 'my_picar_driver' build argument 'cmake_clean_first' from command line to 'False'
[1.310s] Level 5:colcon.colcon_core.verb:set package 'my_picar_driver' build argument 'cmake_force_configure' from command line to 'False'
[1.310s] Level 5:colcon.colcon_core.verb:set package 'my_picar_driver' build argument 'ament_cmake_args' from command line to 'None'
[1.310s] Level 5:colcon.colcon_core.verb:set package 'my_picar_driver' build argument 'catkin_cmake_args' from command line to 'None'
[1.310s] Level 5:colcon.colcon_core.verb:set package 'my_picar_driver' build argument 'catkin_skip_building_tests' from command line to 'False'
[1.310s] DEBUG:colcon.colcon_core.verb:Building package 'my_picar_driver' with the following arguments: {'ament_cmake_args': None, 'build_base': '/home/ubuntu/picar_ws/build/my_picar_driver', 'catkin_cmake_args': None, 'catkin_skip_building_tests': False, 'cmake_args': None, 'cmake_clean_cache': False, 'cmake_clean_first': False, 'cmake_force_configure': False, 'cmake_target': None, 'cmake_target_skip_unavailable': False, 'install_base': '/home/ubuntu/picar_ws/install/my_picar_driver', 'merge_install': False, 'path': '/home/ubuntu/picar_ws/src/my_picar_driver', 'symlink_install': False, 'test_result_base': None}
[1.310s] INFO:colcon.colcon_core.executor:Executing jobs using 'parallel' executor
[1.313s] DEBUG:colcon.colcon_parallel_executor.executor.parallel:run_until_complete
[1.314s] INFO:colcon.colcon_ros.task.ament_python.build:Building ROS package in '/home/ubuntu/picar_ws/src/my_picar_driver' with build type 'ament_python'
[1.315s] Level 1:colcon.colcon_core.shell:create_environment_hook('my_picar_driver', 'ament_prefix_path')
[1.334s] INFO:colcon.colcon_core.plugin_system:Skipping extension 'colcon_core.shell.bat': Not used on non-Windows systems
[1.335s] INFO:colcon.colcon_core.shell:Creating environment hook '/home/ubuntu/picar_ws/install/my_picar_driver/share/my_picar_driver/hook/ament_prefix_path.ps1'
[1.339s] INFO:colcon.colcon_core.shell:Creating environment descriptor '/home/ubuntu/picar_ws/install/my_picar_driver/share/my_picar_driver/hook/ament_prefix_path.dsv'
[1.342s] INFO:colcon.colcon_core.shell:Creating environment hook '/home/ubuntu/picar_ws/install/my_picar_driver/share/my_picar_driver/hook/ament_prefix_path.sh'
[1.346s] INFO:colcon.colcon_core.shell:Skip shell extension 'powershell' for command environment: Not usable outside of PowerShell
[1.346s] DEBUG:colcon.colcon_core.shell:Skip shell extension 'dsv' for command environment
[2.289s] INFO:colcon.colcon_core.task.python.build:Building Python package in '/home/ubuntu/picar_ws/src/my_picar_driver'
[2.290s] INFO:colcon.colcon_core.shell:Skip shell extension 'powershell' for command environment: Not usable outside of PowerShell
[2.290s] DEBUG:colcon.colcon_core.shell:Skip shell extension 'dsv' for command environment
[5.463s] DEBUG:colcon.colcon_core.event_handler.log_command:Invoking command in '/home/ubuntu/picar_ws/build/my_picar_driver': PYTHONPATH=/home/ubuntu/picar_ws/build/my_picar_driver/prefix_override:/usr/lib/python3/dist-packages/colcon_core/task/python/colcon_distutils_commands:/home/ubuntu/picar_ws/install/my_picar_driver/lib/python3.12/site-packages:${PYTHONPATH} /usr/bin/python3 -W ignore:setup.py install is deprecated -W ignore:easy_install command is deprecated setup.py develop --uninstall --editable --build-directory /home/ubuntu/picar_ws/build/my_picar_driver/build
[7.691s] DEBUG:colcon.colcon_core.event_handler.log_command:Invoked command in '/home/ubuntu/picar_ws/build/my_picar_driver' returned '0': PYTHONPATH=/home/ubuntu/picar_ws/build/my_picar_driver/prefix_override:/usr/lib/python3/dist-packages/colcon_core/task/python/colcon_distutils_commands:/home/ubuntu/picar_ws/install/my_picar_driver/lib/python3.12/site-packages:${PYTHONPATH} /usr/bin/python3 -W ignore:setup.py install is deprecated -W ignore:easy_install command is deprecated setup.py develop --uninstall --editable --build-directory /home/ubuntu/picar_ws/build/my_picar_driver/build
[7.696s] DEBUG:colcon.colcon_core.event_handler.log_command:Invoking command in '/home/ubuntu/picar_ws/src/my_picar_driver': PYTHONPATH=/home/ubuntu/picar_ws/build/my_picar_driver/prefix_override:/usr/lib/python3/dist-packages/colcon_core/task/python/colcon_distutils_commands:/home/ubuntu/picar_ws/install/my_picar_driver/lib/python3.12/site-packages:${PYTHONPATH} /usr/bin/python3 -W ignore:setup.py install is deprecated -W ignore:easy_install command is deprecated setup.py egg_info --egg-base ../../build/my_picar_driver build --build-base /home/ubuntu/picar_ws/build/my_picar_driver/build install --record /home/ubuntu/picar_ws/build/my_picar_driver/install.log --single-version-externally-managed install_data --force
[9.942s] DEBUG:colcon.colcon_core.event_handler.log_command:Invoked command in '/home/ubuntu/picar_ws/src/my_picar_driver' returned '0': PYTHONPATH=/home/ubuntu/picar_ws/build/my_picar_driver/prefix_override:/usr/lib/python3/dist-packages/colcon_core/task/python/colcon_distutils_commands:/home/ubuntu/picar_ws/install/my_picar_driver/lib/python3.12/site-packages:${PYTHONPATH} /usr/bin/python3 -W ignore:setup.py install is deprecated -W ignore:easy_install command is deprecated setup.py egg_info --egg-base ../../build/my_picar_driver build --build-base /home/ubuntu/picar_ws/build/my_picar_driver/build install --record /home/ubuntu/picar_ws/build/my_picar_driver/install.log --single-version-externally-managed install_data --force
[9.967s] Level 1:colcon.colcon_core.environment:checking '/home/ubuntu/picar_ws/install/my_picar_driver' for CMake module files
[9.972s] Level 1:colcon.colcon_core.environment:checking '/home/ubuntu/picar_ws/install/my_picar_driver' for CMake config files
[9.978s] Level 1:colcon.colcon_core.environment:checking '/home/ubuntu/picar_ws/install/my_picar_driver/lib'
[9.979s] Level 1:colcon.colcon_core.environment:checking '/home/ubuntu/picar_ws/install/my_picar_driver/bin'
[9.979s] Level 1:colcon.colcon_core.environment:checking '/home/ubuntu/picar_ws/install/my_picar_driver/lib/pkgconfig/my_picar_driver.pc'
[9.981s] Level 1:colcon.colcon_core.environment:checking '/home/ubuntu/picar_ws/install/my_picar_driver/lib/python3.12/site-packages'
[9.981s] Level 1:colcon.colcon_core.shell:create_environment_hook('my_picar_driver', 'pythonpath')
[9.982s] INFO:colcon.colcon_core.shell:Creating environment hook '/home/ubuntu/picar_ws/install/my_picar_driver/share/my_picar_driver/hook/pythonpath.ps1'
[9.984s] INFO:colcon.colcon_core.shell:Creating environment descriptor '/home/ubuntu/picar_ws/install/my_picar_driver/share/my_picar_driver/hook/pythonpath.dsv'
[9.985s] INFO:colcon.colcon_core.shell:Creating environment hook '/home/ubuntu/picar_ws/install/my_picar_driver/share/my_picar_driver/hook/pythonpath.sh'
[9.988s] Level 1:colcon.colcon_core.environment:checking '/home/ubuntu/picar_ws/install/my_picar_driver/bin'
[9.989s] Level 1:colcon.colcon_core.environment:create_environment_scripts_only(my_picar_driver)
[9.989s] INFO:colcon.colcon_core.shell:Creating package script '/home/ubuntu/picar_ws/install/my_picar_driver/share/my_picar_driver/package.ps1'
[9.993s] INFO:colcon.colcon_core.shell:Creating package descriptor '/home/ubuntu/picar_ws/install/my_picar_driver/share/my_picar_driver/package.dsv'
[9.996s] INFO:colcon.colcon_core.shell:Creating package script '/home/ubuntu/picar_ws/install/my_picar_driver/share/my_picar_driver/package.sh'
[10.000s] INFO:colcon.colcon_core.shell:Creating package script '/home/ubuntu/picar_ws/install/my_picar_driver/share/my_picar_driver/package.bash'
[10.004s] INFO:colcon.colcon_core.shell:Creating package script '/home/ubuntu/picar_ws/install/my_picar_driver/share/my_picar_driver/package.zsh'
[10.008s] Level 1:colcon.colcon_core.environment:create_file_with_runtime_dependencies(/home/ubuntu/picar_ws/install/my_picar_driver/share/colcon-core/packages/my_picar_driver)
[10.009s] DEBUG:colcon.colcon_parallel_executor.executor.parallel:closing loop
[10.011s] DEBUG:colcon.colcon_parallel_executor.executor.parallel:loop closed
[10.011s] DEBUG:colcon.colcon_parallel_executor.executor.parallel:run_until_complete finished with '0'
[10.011s] DEBUG:colcon.colcon_core.event_reactor:joining thread
[10.038s] INFO:colcon.colcon_core.plugin_system:Skipping extension 'colcon_notification.desktop_notification.notify_send': Could not find 'notify-send'
[10.038s] INFO:colcon.colcon_core.plugin_system:Skipping extension 'colcon_notification.desktop_notification.terminal_notifier': Not used on non-Darwin systems
[10.039s] INFO:colcon.colcon_core.plugin_system:Skipping extension 'colcon_notification.desktop_notification.win32': Not used on non-Windows systems
[10.039s] INFO:colcon.colcon_notification.desktop_notification:Sending desktop notification using 'notify2'
[10.101s] DEBUG:colcon.colcon_notification.desktop_notification.notify2:Failed to initialize notify2: org.freedesktop.DBus.Error.ServiceUnknown: The name org.freedesktop.Notifications was not provided by any .service files
[10.102s] DEBUG:colcon.colcon_core.event_reactor:joined thread
[10.103s] INFO:colcon.colcon_core.shell:Creating prefix script '/home/ubuntu/picar_ws/install/local_setup.ps1'
[10.107s] INFO:colcon.colcon_core.shell:Creating prefix util module '/home/ubuntu/picar_ws/install/_local_setup_util_ps1.py'
[10.114s] INFO:colcon.colcon_core.shell:Creating prefix chain script '/home/ubuntu/picar_ws/install/setup.ps1'
[10.118s] INFO:colcon.colcon_core.shell:Creating prefix script '/home/ubuntu/picar_ws/install/local_setup.sh'
[10.122s] INFO:colcon.colcon_core.shell:Creating prefix util module '/home/ubuntu/picar_ws/install/_local_setup_util_sh.py'
[10.125s] INFO:colcon.colcon_core.shell:Creating prefix chain script '/home/ubuntu/picar_ws/install/setup.sh'
[10.129s] INFO:colcon.colcon_core.shell:Creating prefix script '/home/ubuntu/picar_ws/install/local_setup.bash'
[10.131s] INFO:colcon.colcon_core.shell:Creating prefix chain script '/home/ubuntu/picar_ws/install/setup.bash'
[10.136s] INFO:colcon.colcon_core.shell:Creating prefix script '/home/ubuntu/picar_ws/install/local_setup.zsh'
[10.139s] INFO:colcon.colcon_core.shell:Creating prefix chain script '/home/ubuntu/picar_ws/install/setup.zsh'
