[3.374s] Invoking command in '/home/ubuntu/picar_ws/build/my_picar_driver': PYTHONPATH=/home/ubuntu/picar_ws/build/my_picar_driver/prefix_override:/usr/lib/python3/dist-packages/colcon_core/task/python/colcon_distutils_commands:/home/ubuntu/picar_ws/install/my_picar_driver/lib/python3.12/site-packages:${PYTHONPATH} /usr/bin/python3 -W ignore:setup.py install is deprecated -W ignore:easy_install command is deprecated setup.py develop --editable --build-directory /home/ubuntu/picar_ws/build/my_picar_driver/build --no-deps symlink_data
[4.718s] running develop
[5.574s] running egg_info
[5.646s] writing my_picar_driver.egg-info/PKG-INFO
[5.647s] writing dependency_links to my_picar_driver.egg-info/dependency_links.txt
[5.649s] writing entry points to my_picar_driver.egg-info/entry_points.txt
[5.650s] writing requirements to my_picar_driver.egg-info/requires.txt
[5.650s] writing top-level names to my_picar_driver.egg-info/top_level.txt
[5.810s] reading manifest file 'my_picar_driver.egg-info/SOURCES.txt'
[5.814s] writing manifest file 'my_picar_driver.egg-info/SOURCES.txt'
[5.896s] running build_ext
[5.896s] Creating /home/ubuntu/picar_ws/install/my_picar_driver/lib/python3.12/site-packages/my-picar-driver.egg-link (link to .)
[5.899s] Installing camera_driver script to /home/ubuntu/picar_ws/install/my_picar_driver/lib/my_picar_driver
[5.900s] Installing car_driver script to /home/ubuntu/picar_ws/install/my_picar_driver/lib/my_picar_driver
[5.901s] Installing safety_node script to /home/ubuntu/picar_ws/install/my_picar_driver/lib/my_picar_driver
[5.902s] Installing ultrasonic_node script to /home/ubuntu/picar_ws/install/my_picar_driver/lib/my_picar_driver
[5.903s] 
[5.904s] Installed /home/ubuntu/picar_ws/build/my_picar_driver
[5.905s] running symlink_data
[6.063s] Invoked command in '/home/ubuntu/picar_ws/build/my_picar_driver' returned '0': PYTHONPATH=/home/ubuntu/picar_ws/build/my_picar_driver/prefix_override:/usr/lib/python3/dist-packages/colcon_core/task/python/colcon_distutils_commands:/home/ubuntu/picar_ws/install/my_picar_driver/lib/python3.12/site-packages:${PYTHONPATH} /usr/bin/python3 -W ignore:setup.py install is deprecated -W ignore:easy_install command is deprecated setup.py develop --editable --build-directory /home/ubuntu/picar_ws/build/my_picar_driver/build --no-deps symlink_data
