[0.480s] DEBUG:colcon:Command line arguments: ['/usr/bin/colcon', 'build', '--symlink-install']
[0.480s] DEBUG:colcon:Parsed command line arguments: Namespace(log_base=None, log_level=None, verb_name='build', build_base='build', install_base='install', merge_install=False, symlink_install=True, test_result_base=None, continue_on_error=False, executor='parallel', parallel_workers=4, event_handlers=None, ignore_user_meta=False, metas=['./colcon.meta'], base_paths=['.'], packages_ignore=None, packages_ignore_regex=None, paths=None, packages_up_to=None, packages_up_to_regex=None, packages_above=None, packages_above_and_dependencies=None, packages_above_depth=None, packages_select_by_dep=None, packages_skip_by_dep=None, packages_skip_up_to=None, packages_select_build_failed=False, packages_skip_build_finished=False, packages_select_test_failures=False, packages_skip_test_passed=False, packages_select=None, packages_skip=None, packages_select_regex=None, packages_skip_regex=None, packages_start=None, packages_end=None, allow_overriding=[], cmake_args=None, cmake_target=None, cmake_target_skip_unavailable=False, cmake_clean_cache=False, cmake_clean_first=False, cmake_force_configure=False, ament_cmake_args=None, catkin_cmake_args=None, catkin_skip_building_tests=False, mixin_files=None, mixin=None, verb_parser=<colcon_mixin.mixin.mixin_argument.MixinArgumentDecorator object at 0xffff869f7b00>, verb_extension=<colcon_core.verb.build.BuildVerb object at 0xffff86bbd190>, main=<bound method BuildVerb.main of <colcon_core.verb.build.BuildVerb object at 0xffff86bbd190>>, mixin_verb=('build',))
[0.650s] Level 1:colcon.colcon_core.package_discovery:discover_packages(colcon_meta) check parameters
[0.650s] Level 1:colcon.colcon_core.package_discovery:discover_packages(recursive) check parameters
[0.651s] Level 1:colcon.colcon_core.package_discovery:discover_packages(ignore) check parameters
[0.651s] Level 1:colcon.colcon_core.package_discovery:discover_packages(path) check parameters
[0.651s] Level 1:colcon.colcon_core.package_discovery:discover_packages(colcon_meta) discover
[0.651s] Level 1:colcon.colcon_core.package_discovery:discover_packages(recursive) discover
[0.651s] INFO:colcon.colcon_core.package_discovery:Crawling recursively for packages in '/home/ubuntu/picar_ws'
[0.652s] Level 1:colcon.colcon_core.package_identification:_identify(.) by extensions ['ignore', 'ignore_ament_install']
[0.652s] Level 1:colcon.colcon_core.package_identification:_identify(.) by extension 'ignore'
[0.652s] Level 1:colcon.colcon_core.package_identification:_identify(.) by extension 'ignore_ament_install'
[0.653s] Level 1:colcon.colcon_core.package_identification:_identify(.) by extensions ['colcon_pkg']
[0.653s] Level 1:colcon.colcon_core.package_identification:_identify(.) by extension 'colcon_pkg'
[0.653s] Level 1:colcon.colcon_core.package_identification:_identify(.) by extensions ['colcon_meta']
[0.653s] Level 1:colcon.colcon_core.package_identification:_identify(.) by extension 'colcon_meta'
[0.653s] Level 1:colcon.colcon_core.package_identification:_identify(.) by extensions ['ros']
[0.653s] Level 1:colcon.colcon_core.package_identification:_identify(.) by extension 'ros'
[0.755s] Level 1:colcon.colcon_core.package_identification:_identify(.) by extensions ['cmake', 'python']
[0.755s] Level 1:colcon.colcon_core.package_identification:_identify(.) by extension 'cmake'
[0.755s] Level 1:colcon.colcon_core.package_identification:_identify(.) by extension 'python'
[0.755s] Level 1:colcon.colcon_core.package_identification:_identify(.) by extensions ['python_setup_py']
[0.755s] Level 1:colcon.colcon_core.package_identification:_identify(.) by extension 'python_setup_py'
[0.756s] Level 1:colcon.colcon_core.package_identification:_identify(build) by extensions ['ignore', 'ignore_ament_install']
[0.756s] Level 1:colcon.colcon_core.package_identification:_identify(build) by extension 'ignore'
[0.757s] Level 1:colcon.colcon_core.package_identification:_identify(build) ignored
[0.757s] Level 1:colcon.colcon_core.package_identification:_identify(install) by extensions ['ignore', 'ignore_ament_install']
[0.758s] Level 1:colcon.colcon_core.package_identification:_identify(install) by extension 'ignore'
[0.758s] Level 1:colcon.colcon_core.package_identification:_identify(install) ignored
[0.758s] Level 1:colcon.colcon_core.package_identification:_identify(log) by extensions ['ignore', 'ignore_ament_install']
[0.759s] Level 1:colcon.colcon_core.package_identification:_identify(log) by extension 'ignore'
[0.759s] Level 1:colcon.colcon_core.package_identification:_identify(log) ignored
[0.759s] Level 1:colcon.colcon_core.package_identification:_identify(src) by extensions ['ignore', 'ignore_ament_install']
[0.760s] Level 1:colcon.colcon_core.package_identification:_identify(src) by extension 'ignore'
[0.760s] Level 1:colcon.colcon_core.package_identification:_identify(src) by extension 'ignore_ament_install'
[0.760s] Level 1:colcon.colcon_core.package_identification:_identify(src) by extensions ['colcon_pkg']
[0.760s] Level 1:colcon.colcon_core.package_identification:_identify(src) by extension 'colcon_pkg'
[0.760s] Level 1:colcon.colcon_core.package_identification:_identify(src) by extensions ['colcon_meta']
[0.761s] Level 1:colcon.colcon_core.package_identification:_identify(src) by extension 'colcon_meta'
[0.761s] Level 1:colcon.colcon_core.package_identification:_identify(src) by extensions ['ros']
[0.761s] Level 1:colcon.colcon_core.package_identification:_identify(src) by extension 'ros'
[0.761s] Level 1:colcon.colcon_core.package_identification:_identify(src) by extensions ['cmake', 'python']
[0.761s] Level 1:colcon.colcon_core.package_identification:_identify(src) by extension 'cmake'
[0.762s] Level 1:colcon.colcon_core.package_identification:_identify(src) by extension 'python'
[0.762s] Level 1:colcon.colcon_core.package_identification:_identify(src) by extensions ['python_setup_py']
[0.762s] Level 1:colcon.colcon_core.package_identification:_identify(src) by extension 'python_setup_py'
[0.762s] Level 1:colcon.colcon_core.package_identification:_identify(src/my_picar_driver) by extensions ['ignore', 'ignore_ament_install']
[0.763s] Level 1:colcon.colcon_core.package_identification:_identify(src/my_picar_driver) by extension 'ignore'
[0.763s] Level 1:colcon.colcon_core.package_identification:_identify(src/my_picar_driver) by extension 'ignore_ament_install'
[0.763s] Level 1:colcon.colcon_core.package_identification:_identify(src/my_picar_driver) by extensions ['colcon_pkg']
[0.763s] Level 1:colcon.colcon_core.package_identification:_identify(src/my_picar_driver) by extension 'colcon_pkg'
[0.763s] Level 1:colcon.colcon_core.package_identification:_identify(src/my_picar_driver) by extensions ['colcon_meta']
[0.764s] Level 1:colcon.colcon_core.package_identification:_identify(src/my_picar_driver) by extension 'colcon_meta'
[0.764s] Level 1:colcon.colcon_core.package_identification:_identify(src/my_picar_driver) by extensions ['ros']
[0.764s] Level 1:colcon.colcon_core.package_identification:_identify(src/my_picar_driver) by extension 'ros'
[0.776s] DEBUG:colcon.colcon_core.package_identification:Package 'src/my_picar_driver' with type 'ros.ament_python' and name 'my_picar_driver'
[0.777s] Level 1:colcon.colcon_core.package_discovery:discover_packages(recursive) using defaults
[0.777s] Level 1:colcon.colcon_core.package_discovery:discover_packages(ignore) discover
[0.777s] Level 1:colcon.colcon_core.package_discovery:discover_packages(ignore) using defaults
[0.777s] Level 1:colcon.colcon_core.package_discovery:discover_packages(path) discover
[0.777s] Level 1:colcon.colcon_core.package_discovery:discover_packages(path) using defaults
[0.847s] Level 1:colcon.colcon_core.package_discovery:discover_packages(prefix_path) check parameters
[0.847s] Level 1:colcon.colcon_core.package_discovery:discover_packages(prefix_path) discover
[0.854s] DEBUG:colcon.colcon_installed_package_information.package_discovery:Found 1 installed packages in /home/ubuntu/picar_ws/install
[0.862s] DEBUG:colcon.colcon_installed_package_information.package_discovery:Found 194 installed packages in /opt/ros/jazzy
[0.864s] Level 1:colcon.colcon_core.package_discovery:discover_packages(prefix_path) using defaults
[1.007s] Level 5:colcon.colcon_core.verb:set package 'my_picar_driver' build argument 'cmake_args' from command line to 'None'
[1.007s] Level 5:colcon.colcon_core.verb:set package 'my_picar_driver' build argument 'cmake_target' from command line to 'None'
[1.007s] Level 5:colcon.colcon_core.verb:set package 'my_picar_driver' build argument 'cmake_target_skip_unavailable' from command line to 'False'
[1.007s] Level 5:colcon.colcon_core.verb:set package 'my_picar_driver' build argument 'cmake_clean_cache' from command line to 'False'
[1.007s] Level 5:colcon.colcon_core.verb:set package 'my_picar_driver' build argument 'cmake_clean_first' from command line to 'False'
[1.008s] Level 5:colcon.colcon_core.verb:set package 'my_picar_driver' build argument 'cmake_force_configure' from command line to 'False'
[1.008s] Level 5:colcon.colcon_core.verb:set package 'my_picar_driver' build argument 'ament_cmake_args' from command line to 'None'
[1.008s] Level 5:colcon.colcon_core.verb:set package 'my_picar_driver' build argument 'catkin_cmake_args' from command line to 'None'
[1.008s] Level 5:colcon.colcon_core.verb:set package 'my_picar_driver' build argument 'catkin_skip_building_tests' from command line to 'False'
[1.008s] DEBUG:colcon.colcon_core.verb:Building package 'my_picar_driver' with the following arguments: {'ament_cmake_args': None, 'build_base': '/home/ubuntu/picar_ws/build/my_picar_driver', 'catkin_cmake_args': None, 'catkin_skip_building_tests': False, 'cmake_args': None, 'cmake_clean_cache': False, 'cmake_clean_first': False, 'cmake_force_configure': False, 'cmake_target': None, 'cmake_target_skip_unavailable': False, 'install_base': '/home/ubuntu/picar_ws/install/my_picar_driver', 'merge_install': False, 'path': '/home/ubuntu/picar_ws/src/my_picar_driver', 'symlink_install': True, 'test_result_base': None}
[1.008s] INFO:colcon.colcon_core.executor:Executing jobs using 'parallel' executor
[1.012s] DEBUG:colcon.colcon_parallel_executor.executor.parallel:run_until_complete
[1.012s] INFO:colcon.colcon_ros.task.ament_python.build:Building ROS package in '/home/ubuntu/picar_ws/src/my_picar_driver' with build type 'ament_python'
[1.013s] Level 1:colcon.colcon_core.shell:create_environment_hook('my_picar_driver', 'ament_prefix_path')
[1.021s] INFO:colcon.colcon_core.plugin_system:Skipping extension 'colcon_core.shell.bat': Not used on non-Windows systems
[1.023s] INFO:colcon.colcon_core.shell:Creating environment hook '/home/ubuntu/picar_ws/install/my_picar_driver/share/my_picar_driver/hook/ament_prefix_path.ps1'
[1.026s] INFO:colcon.colcon_core.shell:Creating environment descriptor '/home/ubuntu/picar_ws/install/my_picar_driver/share/my_picar_driver/hook/ament_prefix_path.dsv'
[1.028s] INFO:colcon.colcon_core.shell:Creating environment hook '/home/ubuntu/picar_ws/install/my_picar_driver/share/my_picar_driver/hook/ament_prefix_path.sh'
[1.032s] INFO:colcon.colcon_core.shell:Skip shell extension 'powershell' for command environment: Not usable outside of PowerShell
[1.032s] DEBUG:colcon.colcon_core.shell:Skip shell extension 'dsv' for command environment
[1.946s] INFO:colcon.colcon_core.task.python.build:Building Python package in '/home/ubuntu/picar_ws/src/my_picar_driver'
[1.946s] INFO:colcon.colcon_core.shell:Skip shell extension 'powershell' for command environment: Not usable outside of PowerShell
[1.947s] DEBUG:colcon.colcon_core.shell:Skip shell extension 'dsv' for command environment
[4.427s] DEBUG:colcon.colcon_core.task.python.build:While undoing a previous installation files outside the Python library path are being ignored: /home/ubuntu/picar_ws/install/my_picar_driver/share/ament_index/resource_index/packages/my_picar_driver
[4.427s] DEBUG:colcon.colcon_core.task.python.build:While undoing a previous installation files outside the Python library path are being ignored: /home/ubuntu/picar_ws/install/my_picar_driver/share/my_picar_driver/package.xml
[4.429s] DEBUG:colcon.colcon_core.task.python.build:While undoing a previous installation files outside the Python library path are being ignored: /home/ubuntu/picar_ws/install/my_picar_driver/lib/my_picar_driver/camera_driver
[4.429s] DEBUG:colcon.colcon_core.task.python.build:While undoing a previous installation files outside the Python library path are being ignored: /home/ubuntu/picar_ws/install/my_picar_driver/lib/my_picar_driver/car_driver
[4.441s] DEBUG:colcon.colcon_core.event_handler.log_command:Invoking command in '/home/ubuntu/picar_ws/build/my_picar_driver': PYTHONPATH=/home/ubuntu/picar_ws/build/my_picar_driver/prefix_override:/usr/lib/python3/dist-packages/colcon_core/task/python/colcon_distutils_commands:/home/ubuntu/picar_ws/install/my_picar_driver/lib/python3.12/site-packages:${PYTHONPATH} /usr/bin/python3 -W ignore:setup.py install is deprecated -W ignore:easy_install command is deprecated setup.py develop --editable --build-directory /home/ubuntu/picar_ws/build/my_picar_driver/build --no-deps symlink_data --force
[7.079s] Level 1:colcon.colcon_core.shell:create_environment_hook('my_picar_driver', 'pythonpath_develop')
[7.080s] INFO:colcon.colcon_core.shell:Creating environment hook '/home/ubuntu/picar_ws/build/my_picar_driver/share/my_picar_driver/hook/pythonpath_develop.ps1'
[7.081s] DEBUG:colcon.colcon_core.event_handler.log_command:Invoked command in '/home/ubuntu/picar_ws/build/my_picar_driver' returned '0': PYTHONPATH=/home/ubuntu/picar_ws/build/my_picar_driver/prefix_override:/usr/lib/python3/dist-packages/colcon_core/task/python/colcon_distutils_commands:/home/ubuntu/picar_ws/install/my_picar_driver/lib/python3.12/site-packages:${PYTHONPATH} /usr/bin/python3 -W ignore:setup.py install is deprecated -W ignore:easy_install command is deprecated setup.py develop --editable --build-directory /home/ubuntu/picar_ws/build/my_picar_driver/build --no-deps symlink_data --force
[7.083s] INFO:colcon.colcon_core.shell:Creating environment descriptor '/home/ubuntu/picar_ws/build/my_picar_driver/share/my_picar_driver/hook/pythonpath_develop.dsv'
[7.085s] INFO:colcon.colcon_core.shell:Creating environment hook '/home/ubuntu/picar_ws/build/my_picar_driver/share/my_picar_driver/hook/pythonpath_develop.sh'
[7.098s] Level 1:colcon.colcon_core.environment:checking '/home/ubuntu/picar_ws/install/my_picar_driver' for CMake module files
[7.101s] Level 1:colcon.colcon_core.environment:checking '/home/ubuntu/picar_ws/install/my_picar_driver' for CMake config files
[7.105s] Level 1:colcon.colcon_core.environment:checking '/home/ubuntu/picar_ws/install/my_picar_driver/lib'
[7.106s] Level 1:colcon.colcon_core.environment:checking '/home/ubuntu/picar_ws/install/my_picar_driver/bin'
[7.106s] Level 1:colcon.colcon_core.environment:checking '/home/ubuntu/picar_ws/install/my_picar_driver/lib/pkgconfig/my_picar_driver.pc'
[7.107s] Level 1:colcon.colcon_core.environment:checking '/home/ubuntu/picar_ws/install/my_picar_driver/lib/python3.12/site-packages'
[7.107s] Level 1:colcon.colcon_core.shell:create_environment_hook('my_picar_driver', 'pythonpath')
[7.108s] INFO:colcon.colcon_core.shell:Creating environment hook '/home/ubuntu/picar_ws/install/my_picar_driver/share/my_picar_driver/hook/pythonpath.ps1'
[7.110s] INFO:colcon.colcon_core.shell:Creating environment descriptor '/home/ubuntu/picar_ws/install/my_picar_driver/share/my_picar_driver/hook/pythonpath.dsv'
[7.112s] INFO:colcon.colcon_core.shell:Creating environment hook '/home/ubuntu/picar_ws/install/my_picar_driver/share/my_picar_driver/hook/pythonpath.sh'
[7.115s] Level 1:colcon.colcon_core.environment:checking '/home/ubuntu/picar_ws/install/my_picar_driver/bin'
[7.115s] Level 1:colcon.colcon_core.environment:create_environment_scripts_only(my_picar_driver)
[7.116s] INFO:colcon.colcon_core.shell:Creating package script '/home/ubuntu/picar_ws/install/my_picar_driver/share/my_picar_driver/package.ps1'
[7.119s] INFO:colcon.colcon_core.shell:Creating package descriptor '/home/ubuntu/picar_ws/install/my_picar_driver/share/my_picar_driver/package.dsv'
[7.122s] INFO:colcon.colcon_core.shell:Creating package script '/home/ubuntu/picar_ws/install/my_picar_driver/share/my_picar_driver/package.sh'
[7.125s] INFO:colcon.colcon_core.shell:Creating package script '/home/ubuntu/picar_ws/install/my_picar_driver/share/my_picar_driver/package.bash'
[7.128s] INFO:colcon.colcon_core.shell:Creating package script '/home/ubuntu/picar_ws/install/my_picar_driver/share/my_picar_driver/package.zsh'
[7.131s] Level 1:colcon.colcon_core.environment:create_file_with_runtime_dependencies(/home/ubuntu/picar_ws/install/my_picar_driver/share/colcon-core/packages/my_picar_driver)
[7.132s] DEBUG:colcon.colcon_parallel_executor.executor.parallel:closing loop
[7.134s] DEBUG:colcon.colcon_parallel_executor.executor.parallel:loop closed
[7.134s] DEBUG:colcon.colcon_parallel_executor.executor.parallel:run_until_complete finished with '0'
[7.135s] DEBUG:colcon.colcon_core.event_reactor:joining thread
[7.157s] INFO:colcon.colcon_core.plugin_system:Skipping extension 'colcon_notification.desktop_notification.notify_send': Could not find 'notify-send'
[7.157s] INFO:colcon.colcon_core.plugin_system:Skipping extension 'colcon_notification.desktop_notification.terminal_notifier': Not used on non-Darwin systems
[7.158s] INFO:colcon.colcon_core.plugin_system:Skipping extension 'colcon_notification.desktop_notification.win32': Not used on non-Windows systems
[7.158s] INFO:colcon.colcon_notification.desktop_notification:Sending desktop notification using 'notify2'
[7.161s] DEBUG:colcon.colcon_notification.desktop_notification.notify2:Failed to initialize notify2: org.freedesktop.DBus.Error.ServiceUnknown: The name org.freedesktop.Notifications was not provided by any .service files
[7.161s] DEBUG:colcon.colcon_core.event_reactor:joined thread
[7.162s] INFO:colcon.colcon_core.shell:Creating prefix script '/home/ubuntu/picar_ws/install/local_setup.ps1'
[7.165s] INFO:colcon.colcon_core.shell:Creating prefix util module '/home/ubuntu/picar_ws/install/_local_setup_util_ps1.py'
[7.170s] INFO:colcon.colcon_core.shell:Creating prefix chain script '/home/ubuntu/picar_ws/install/setup.ps1'
[7.173s] INFO:colcon.colcon_core.shell:Creating prefix script '/home/ubuntu/picar_ws/install/local_setup.sh'
[7.176s] INFO:colcon.colcon_core.shell:Creating prefix util module '/home/ubuntu/picar_ws/install/_local_setup_util_sh.py'
[7.179s] INFO:colcon.colcon_core.shell:Creating prefix chain script '/home/ubuntu/picar_ws/install/setup.sh'
[7.182s] INFO:colcon.colcon_core.shell:Creating prefix script '/home/ubuntu/picar_ws/install/local_setup.bash'
[7.185s] INFO:colcon.colcon_core.shell:Creating prefix chain script '/home/ubuntu/picar_ws/install/setup.bash'
[7.188s] INFO:colcon.colcon_core.shell:Creating prefix script '/home/ubuntu/picar_ws/install/local_setup.zsh'
[7.191s] INFO:colcon.colcon_core.shell:Creating prefix chain script '/home/ubuntu/picar_ws/install/setup.zsh'
