[0.677s] DEBUG:colcon:Command line arguments: ['/usr/bin/colcon', 'build', '--symlink-install']
[0.678s] DEBUG:colcon:Parsed command line arguments: Namespace(log_base=None, log_level=None, verb_name='build', build_base='build', install_base='install', merge_install=False, symlink_install=True, test_result_base=None, continue_on_error=False, executor='parallel', parallel_workers=4, event_handlers=None, ignore_user_meta=False, metas=['./colcon.meta'], base_paths=['.'], packages_ignore=None, packages_ignore_regex=None, paths=None, packages_up_to=None, packages_up_to_regex=None, packages_above=None, packages_above_and_dependencies=None, packages_above_depth=None, packages_select_by_dep=None, packages_skip_by_dep=None, packages_skip_up_to=None, packages_select_build_failed=False, packages_skip_build_finished=False, packages_select_test_failures=False, packages_skip_test_passed=False, packages_select=None, packages_skip=None, packages_select_regex=None, packages_skip_regex=None, packages_start=None, packages_end=None, allow_overriding=[], cmake_args=None, cmake_target=None, cmake_target_skip_unavailable=False, cmake_clean_cache=False, cmake_clean_first=False, cmake_force_configure=False, ament_cmake_args=None, catkin_cmake_args=None, catkin_skip_building_tests=False, mixin_files=None, mixin=None, verb_parser=<colcon_mixin.mixin.mixin_argument.MixinArgumentDecorator object at 0xffff9f34c080>, verb_extension=<colcon_core.verb.build.BuildVerb object at 0xffff9f4ecaa0>, main=<bound method BuildVerb.main of <colcon_core.verb.build.BuildVerb object at 0xffff9f4ecaa0>>, mixin_verb=('build',))
[0.867s] Level 1:colcon.colcon_core.package_discovery:discover_packages(colcon_meta) check parameters
[0.867s] Level 1:colcon.colcon_core.package_discovery:discover_packages(recursive) check parameters
[0.867s] Level 1:colcon.colcon_core.package_discovery:discover_packages(ignore) check parameters
[0.867s] Level 1:colcon.colcon_core.package_discovery:discover_packages(path) check parameters
[0.868s] Level 1:colcon.colcon_core.package_discovery:discover_packages(colcon_meta) discover
[0.868s] Level 1:colcon.colcon_core.package_discovery:discover_packages(recursive) discover
[0.868s] INFO:colcon.colcon_core.package_discovery:Crawling recursively for packages in '/home/ubuntu/picar_ws'
[0.868s] Level 1:colcon.colcon_core.package_identification:_identify(.) by extensions ['ignore', 'ignore_ament_install']
[0.869s] Level 1:colcon.colcon_core.package_identification:_identify(.) by extension 'ignore'
[0.869s] Level 1:colcon.colcon_core.package_identification:_identify(.) by extension 'ignore_ament_install'
[0.870s] Level 1:colcon.colcon_core.package_identification:_identify(.) by extensions ['colcon_pkg']
[0.870s] Level 1:colcon.colcon_core.package_identification:_identify(.) by extension 'colcon_pkg'
[0.870s] Level 1:colcon.colcon_core.package_identification:_identify(.) by extensions ['colcon_meta']
[0.870s] Level 1:colcon.colcon_core.package_identification:_identify(.) by extension 'colcon_meta'
[0.870s] Level 1:colcon.colcon_core.package_identification:_identify(.) by extensions ['ros']
[0.871s] Level 1:colcon.colcon_core.package_identification:_identify(.) by extension 'ros'
[1.011s] Level 1:colcon.colcon_core.package_identification:_identify(.) by extensions ['cmake', 'python']
[1.011s] Level 1:colcon.colcon_core.package_identification:_identify(.) by extension 'cmake'
[1.011s] Level 1:colcon.colcon_core.package_identification:_identify(.) by extension 'python'
[1.012s] Level 1:colcon.colcon_core.package_identification:_identify(.) by extensions ['python_setup_py']
[1.012s] Level 1:colcon.colcon_core.package_identification:_identify(.) by extension 'python_setup_py'
[1.013s] Level 1:colcon.colcon_core.package_identification:_identify(build) by extensions ['ignore', 'ignore_ament_install']
[1.013s] Level 1:colcon.colcon_core.package_identification:_identify(build) by extension 'ignore'
[1.014s] Level 1:colcon.colcon_core.package_identification:_identify(build) ignored
[1.015s] Level 1:colcon.colcon_core.package_identification:_identify(install) by extensions ['ignore', 'ignore_ament_install']
[1.015s] Level 1:colcon.colcon_core.package_identification:_identify(install) by extension 'ignore'
[1.015s] Level 1:colcon.colcon_core.package_identification:_identify(install) ignored
[1.016s] Level 1:colcon.colcon_core.package_identification:_identify(log) by extensions ['ignore', 'ignore_ament_install']
[1.017s] Level 1:colcon.colcon_core.package_identification:_identify(log) by extension 'ignore'
[1.017s] Level 1:colcon.colcon_core.package_identification:_identify(log) ignored
[1.017s] Level 1:colcon.colcon_core.package_identification:_identify(src) by extensions ['ignore', 'ignore_ament_install']
[1.017s] Level 1:colcon.colcon_core.package_identification:_identify(src) by extension 'ignore'
[1.018s] Level 1:colcon.colcon_core.package_identification:_identify(src) by extension 'ignore_ament_install'
[1.018s] Level 1:colcon.colcon_core.package_identification:_identify(src) by extensions ['colcon_pkg']
[1.018s] Level 1:colcon.colcon_core.package_identification:_identify(src) by extension 'colcon_pkg'
[1.018s] Level 1:colcon.colcon_core.package_identification:_identify(src) by extensions ['colcon_meta']
[1.018s] Level 1:colcon.colcon_core.package_identification:_identify(src) by extension 'colcon_meta'
[1.019s] Level 1:colcon.colcon_core.package_identification:_identify(src) by extensions ['ros']
[1.019s] Level 1:colcon.colcon_core.package_identification:_identify(src) by extension 'ros'
[1.019s] Level 1:colcon.colcon_core.package_identification:_identify(src) by extensions ['cmake', 'python']
[1.019s] Level 1:colcon.colcon_core.package_identification:_identify(src) by extension 'cmake'
[1.020s] Level 1:colcon.colcon_core.package_identification:_identify(src) by extension 'python'
[1.020s] Level 1:colcon.colcon_core.package_identification:_identify(src) by extensions ['python_setup_py']
[1.020s] Level 1:colcon.colcon_core.package_identification:_identify(src) by extension 'python_setup_py'
[1.020s] Level 1:colcon.colcon_core.package_identification:_identify(src/my_picar_driver) by extensions ['ignore', 'ignore_ament_install']
[1.021s] Level 1:colcon.colcon_core.package_identification:_identify(src/my_picar_driver) by extension 'ignore'
[1.021s] Level 1:colcon.colcon_core.package_identification:_identify(src/my_picar_driver) by extension 'ignore_ament_install'
[1.021s] Level 1:colcon.colcon_core.package_identification:_identify(src/my_picar_driver) by extensions ['colcon_pkg']
[1.021s] Level 1:colcon.colcon_core.package_identification:_identify(src/my_picar_driver) by extension 'colcon_pkg'
[1.022s] Level 1:colcon.colcon_core.package_identification:_identify(src/my_picar_driver) by extensions ['colcon_meta']
[1.022s] Level 1:colcon.colcon_core.package_identification:_identify(src/my_picar_driver) by extension 'colcon_meta'
[1.022s] Level 1:colcon.colcon_core.package_identification:_identify(src/my_picar_driver) by extensions ['ros']
[1.022s] Level 1:colcon.colcon_core.package_identification:_identify(src/my_picar_driver) by extension 'ros'
[1.039s] DEBUG:colcon.colcon_core.package_identification:Package 'src/my_picar_driver' with type 'ros.ament_python' and name 'my_picar_driver'
[1.040s] Level 1:colcon.colcon_core.package_discovery:discover_packages(recursive) using defaults
[1.040s] Level 1:colcon.colcon_core.package_discovery:discover_packages(ignore) discover
[1.040s] Level 1:colcon.colcon_core.package_discovery:discover_packages(ignore) using defaults
[1.040s] Level 1:colcon.colcon_core.package_discovery:discover_packages(path) discover
[1.040s] Level 1:colcon.colcon_core.package_discovery:discover_packages(path) using defaults
[1.144s] Level 1:colcon.colcon_core.package_discovery:discover_packages(prefix_path) check parameters
[1.144s] Level 1:colcon.colcon_core.package_discovery:discover_packages(prefix_path) discover
[1.157s] DEBUG:colcon.colcon_installed_package_information.package_discovery:Found 1 installed packages in /home/ubuntu/picar_ws/install
[1.166s] DEBUG:colcon.colcon_installed_package_information.package_discovery:Found 194 installed packages in /opt/ros/jazzy
[1.169s] Level 1:colcon.colcon_core.package_discovery:discover_packages(prefix_path) using defaults
[1.310s] Level 5:colcon.colcon_core.verb:set package 'my_picar_driver' build argument 'cmake_args' from command line to 'None'
[1.311s] Level 5:colcon.colcon_core.verb:set package 'my_picar_driver' build argument 'cmake_target' from command line to 'None'
[1.311s] Level 5:colcon.colcon_core.verb:set package 'my_picar_driver' build argument 'cmake_target_skip_unavailable' from command line to 'False'
[1.311s] Level 5:colcon.colcon_core.verb:set package 'my_picar_driver' build argument 'cmake_clean_cache' from command line to 'False'
[1.311s] Level 5:colcon.colcon_core.verb:set package 'my_picar_driver' build argument 'cmake_clean_first' from command line to 'False'
[1.311s] Level 5:colcon.colcon_core.verb:set package 'my_picar_driver' build argument 'cmake_force_configure' from command line to 'False'
[1.311s] Level 5:colcon.colcon_core.verb:set package 'my_picar_driver' build argument 'ament_cmake_args' from command line to 'None'
[1.311s] Level 5:colcon.colcon_core.verb:set package 'my_picar_driver' build argument 'catkin_cmake_args' from command line to 'None'
[1.311s] Level 5:colcon.colcon_core.verb:set package 'my_picar_driver' build argument 'catkin_skip_building_tests' from command line to 'False'
[1.312s] DEBUG:colcon.colcon_core.verb:Building package 'my_picar_driver' with the following arguments: {'ament_cmake_args': None, 'build_base': '/home/ubuntu/picar_ws/build/my_picar_driver', 'catkin_cmake_args': None, 'catkin_skip_building_tests': False, 'cmake_args': None, 'cmake_clean_cache': False, 'cmake_clean_first': False, 'cmake_force_configure': False, 'cmake_target': None, 'cmake_target_skip_unavailable': False, 'install_base': '/home/ubuntu/picar_ws/install/my_picar_driver', 'merge_install': False, 'path': '/home/ubuntu/picar_ws/src/my_picar_driver', 'symlink_install': True, 'test_result_base': None}
[1.312s] INFO:colcon.colcon_core.executor:Executing jobs using 'parallel' executor
[1.315s] DEBUG:colcon.colcon_parallel_executor.executor.parallel:run_until_complete
[1.316s] INFO:colcon.colcon_ros.task.ament_python.build:Building ROS package in '/home/ubuntu/picar_ws/src/my_picar_driver' with build type 'ament_python'
[1.316s] Level 1:colcon.colcon_core.shell:create_environment_hook('my_picar_driver', 'ament_prefix_path')
[1.337s] INFO:colcon.colcon_core.plugin_system:Skipping extension 'colcon_core.shell.bat': Not used on non-Windows systems
[1.339s] INFO:colcon.colcon_core.shell:Creating environment hook '/home/ubuntu/picar_ws/install/my_picar_driver/share/my_picar_driver/hook/ament_prefix_path.ps1'
[1.344s] INFO:colcon.colcon_core.shell:Creating environment descriptor '/home/ubuntu/picar_ws/install/my_picar_driver/share/my_picar_driver/hook/ament_prefix_path.dsv'
[1.347s] INFO:colcon.colcon_core.shell:Creating environment hook '/home/ubuntu/picar_ws/install/my_picar_driver/share/my_picar_driver/hook/ament_prefix_path.sh'
[1.351s] INFO:colcon.colcon_core.shell:Skip shell extension 'powershell' for command environment: Not usable outside of PowerShell
[1.352s] DEBUG:colcon.colcon_core.shell:Skip shell extension 'dsv' for command environment
[2.294s] INFO:colcon.colcon_core.task.python.build:Building Python package in '/home/ubuntu/picar_ws/src/my_picar_driver'
[2.294s] INFO:colcon.colcon_core.shell:Skip shell extension 'powershell' for command environment: Not usable outside of PowerShell
[2.295s] DEBUG:colcon.colcon_core.shell:Skip shell extension 'dsv' for command environment
[5.500s] DEBUG:colcon.colcon_core.event_handler.log_command:Invoking command in '/home/ubuntu/picar_ws/build/my_picar_driver': PYTHONPATH=/home/ubuntu/picar_ws/build/my_picar_driver/prefix_override:/usr/lib/python3/dist-packages/colcon_core/task/python/colcon_distutils_commands:/home/ubuntu/picar_ws/install/my_picar_driver/lib/python3.12/site-packages:${PYTHONPATH} /usr/bin/python3 -W ignore:setup.py install is deprecated -W ignore:easy_install command is deprecated setup.py develop --editable --build-directory /home/ubuntu/picar_ws/build/my_picar_driver/build --no-deps symlink_data
[8.176s] Level 1:colcon.colcon_core.shell:create_environment_hook('my_picar_driver', 'pythonpath_develop')
[8.177s] INFO:colcon.colcon_core.shell:Creating environment hook '/home/ubuntu/picar_ws/build/my_picar_driver/share/my_picar_driver/hook/pythonpath_develop.ps1'
[8.178s] DEBUG:colcon.colcon_core.event_handler.log_command:Invoked command in '/home/ubuntu/picar_ws/build/my_picar_driver' returned '0': PYTHONPATH=/home/ubuntu/picar_ws/build/my_picar_driver/prefix_override:/usr/lib/python3/dist-packages/colcon_core/task/python/colcon_distutils_commands:/home/ubuntu/picar_ws/install/my_picar_driver/lib/python3.12/site-packages:${PYTHONPATH} /usr/bin/python3 -W ignore:setup.py install is deprecated -W ignore:easy_install command is deprecated setup.py develop --editable --build-directory /home/ubuntu/picar_ws/build/my_picar_driver/build --no-deps symlink_data
[8.180s] INFO:colcon.colcon_core.shell:Creating environment descriptor '/home/ubuntu/picar_ws/build/my_picar_driver/share/my_picar_driver/hook/pythonpath_develop.dsv'
[8.182s] INFO:colcon.colcon_core.shell:Creating environment hook '/home/ubuntu/picar_ws/build/my_picar_driver/share/my_picar_driver/hook/pythonpath_develop.sh'
[8.210s] Level 1:colcon.colcon_core.environment:checking '/home/ubuntu/picar_ws/install/my_picar_driver' for CMake module files
[8.215s] Level 1:colcon.colcon_core.environment:checking '/home/ubuntu/picar_ws/install/my_picar_driver' for CMake config files
[8.219s] Level 1:colcon.colcon_core.environment:checking '/home/ubuntu/picar_ws/install/my_picar_driver/lib'
[8.220s] Level 1:colcon.colcon_core.environment:checking '/home/ubuntu/picar_ws/install/my_picar_driver/bin'
[8.220s] Level 1:colcon.colcon_core.environment:checking '/home/ubuntu/picar_ws/install/my_picar_driver/lib/pkgconfig/my_picar_driver.pc'
[8.221s] Level 1:colcon.colcon_core.environment:checking '/home/ubuntu/picar_ws/install/my_picar_driver/lib/python3.12/site-packages'
[8.221s] Level 1:colcon.colcon_core.shell:create_environment_hook('my_picar_driver', 'pythonpath')
[8.222s] INFO:colcon.colcon_core.shell:Creating environment hook '/home/ubuntu/picar_ws/install/my_picar_driver/share/my_picar_driver/hook/pythonpath.ps1'
[8.224s] INFO:colcon.colcon_core.shell:Creating environment descriptor '/home/ubuntu/picar_ws/install/my_picar_driver/share/my_picar_driver/hook/pythonpath.dsv'
[8.226s] INFO:colcon.colcon_core.shell:Creating environment hook '/home/ubuntu/picar_ws/install/my_picar_driver/share/my_picar_driver/hook/pythonpath.sh'
[8.229s] Level 1:colcon.colcon_core.environment:checking '/home/ubuntu/picar_ws/install/my_picar_driver/bin'
[8.229s] Level 1:colcon.colcon_core.environment:create_environment_scripts_only(my_picar_driver)
[8.230s] INFO:colcon.colcon_core.shell:Creating package script '/home/ubuntu/picar_ws/install/my_picar_driver/share/my_picar_driver/package.ps1'
[8.234s] INFO:colcon.colcon_core.shell:Creating package descriptor '/home/ubuntu/picar_ws/install/my_picar_driver/share/my_picar_driver/package.dsv'
[8.237s] INFO:colcon.colcon_core.shell:Creating package script '/home/ubuntu/picar_ws/install/my_picar_driver/share/my_picar_driver/package.sh'
[8.241s] INFO:colcon.colcon_core.shell:Creating package script '/home/ubuntu/picar_ws/install/my_picar_driver/share/my_picar_driver/package.bash'
[8.246s] INFO:colcon.colcon_core.shell:Creating package script '/home/ubuntu/picar_ws/install/my_picar_driver/share/my_picar_driver/package.zsh'
[8.249s] Level 1:colcon.colcon_core.environment:create_file_with_runtime_dependencies(/home/ubuntu/picar_ws/install/my_picar_driver/share/colcon-core/packages/my_picar_driver)
[8.251s] DEBUG:colcon.colcon_parallel_executor.executor.parallel:closing loop
[8.253s] DEBUG:colcon.colcon_parallel_executor.executor.parallel:loop closed
[8.253s] DEBUG:colcon.colcon_parallel_executor.executor.parallel:run_until_complete finished with '0'
[8.253s] DEBUG:colcon.colcon_core.event_reactor:joining thread
[8.279s] INFO:colcon.colcon_core.plugin_system:Skipping extension 'colcon_notification.desktop_notification.notify_send': Could not find 'notify-send'
[8.279s] INFO:colcon.colcon_core.plugin_system:Skipping extension 'colcon_notification.desktop_notification.terminal_notifier': Not used on non-Darwin systems
[8.280s] INFO:colcon.colcon_core.plugin_system:Skipping extension 'colcon_notification.desktop_notification.win32': Not used on non-Windows systems
[8.280s] INFO:colcon.colcon_notification.desktop_notification:Sending desktop notification using 'notify2'
[8.340s] DEBUG:colcon.colcon_notification.desktop_notification.notify2:Failed to initialize notify2: org.freedesktop.DBus.Error.ServiceUnknown: The name org.freedesktop.Notifications was not provided by any .service files
[8.340s] DEBUG:colcon.colcon_core.event_reactor:joined thread
[8.341s] INFO:colcon.colcon_core.shell:Creating prefix script '/home/ubuntu/picar_ws/install/local_setup.ps1'
[8.346s] INFO:colcon.colcon_core.shell:Creating prefix util module '/home/ubuntu/picar_ws/install/_local_setup_util_ps1.py'
[8.352s] INFO:colcon.colcon_core.shell:Creating prefix chain script '/home/ubuntu/picar_ws/install/setup.ps1'
[8.357s] INFO:colcon.colcon_core.shell:Creating prefix script '/home/ubuntu/picar_ws/install/local_setup.sh'
[8.360s] INFO:colcon.colcon_core.shell:Creating prefix util module '/home/ubuntu/picar_ws/install/_local_setup_util_sh.py'
[8.363s] INFO:colcon.colcon_core.shell:Creating prefix chain script '/home/ubuntu/picar_ws/install/setup.sh'
[8.368s] INFO:colcon.colcon_core.shell:Creating prefix script '/home/ubuntu/picar_ws/install/local_setup.bash'
[8.371s] INFO:colcon.colcon_core.shell:Creating prefix chain script '/home/ubuntu/picar_ws/install/setup.bash'
[8.375s] INFO:colcon.colcon_core.shell:Creating prefix script '/home/ubuntu/picar_ws/install/local_setup.zsh'
[8.379s] INFO:colcon.colcon_core.shell:Creating prefix chain script '/home/ubuntu/picar_ws/install/setup.zsh'
