[1.016s] DEBUG:colcon:Command line arguments: ['/usr/bin/colcon', 'build']
[1.016s] DEBUG:colcon:Parsed command line arguments: Namespace(log_base=None, log_level=None, verb_name='build', build_base='build', install_base='install', merge_install=False, symlink_install=False, test_result_base=None, continue_on_error=False, executor='parallel', parallel_workers=4, event_handlers=None, ignore_user_meta=False, metas=['./colcon.meta'], base_paths=['.'], packages_ignore=None, packages_ignore_regex=None, paths=None, packages_up_to=None, packages_up_to_regex=None, packages_above=None, packages_above_and_dependencies=None, packages_above_depth=None, packages_select_by_dep=None, packages_skip_by_dep=None, packages_skip_up_to=None, packages_select_build_failed=False, packages_skip_build_finished=False, packages_select_test_failures=False, packages_skip_test_passed=False, packages_select=None, packages_skip=None, packages_select_regex=None, packages_skip_regex=None, packages_start=None, packages_end=None, allow_overriding=[], cmake_args=None, cmake_target=None, cmake_target_skip_unavailable=False, cmake_clean_cache=False, cmake_clean_first=False, cmake_force_configure=False, ament_cmake_args=None, catkin_cmake_args=None, catkin_skip_building_tests=False, mixin_files=None, mixin=None, verb_parser=<colcon_mixin.mixin.mixin_argument.MixinArgumentDecorator object at 0xffff9b9dbb30>, verb_extension=<colcon_core.verb.build.BuildVerb object at 0xffff9bbad070>, main=<bound method BuildVerb.main of <colcon_core.verb.build.BuildVerb object at 0xffff9bbad070>>, mixin_verb=('build',))
[1.314s] Level 1:colcon.colcon_core.package_discovery:discover_packages(colcon_meta) check parameters
[1.315s] Level 1:colcon.colcon_core.package_discovery:discover_packages(recursive) check parameters
[1.315s] Level 1:colcon.colcon_core.package_discovery:discover_packages(ignore) check parameters
[1.315s] Level 1:colcon.colcon_core.package_discovery:discover_packages(path) check parameters
[1.316s] Level 1:colcon.colcon_core.package_discovery:discover_packages(colcon_meta) discover
[1.316s] Level 1:colcon.colcon_core.package_discovery:discover_packages(recursive) discover
[1.316s] INFO:colcon.colcon_core.package_discovery:Crawling recursively for packages in '/home/ubuntu/picar_ws'
[1.317s] Level 1:colcon.colcon_core.package_identification:_identify(.) by extensions ['ignore', 'ignore_ament_install']
[1.317s] Level 1:colcon.colcon_core.package_identification:_identify(.) by extension 'ignore'
[1.318s] Level 1:colcon.colcon_core.package_identification:_identify(.) by extension 'ignore_ament_install'
[1.318s] Level 1:colcon.colcon_core.package_identification:_identify(.) by extensions ['colcon_pkg']
[1.318s] Level 1:colcon.colcon_core.package_identification:_identify(.) by extension 'colcon_pkg'
[1.318s] Level 1:colcon.colcon_core.package_identification:_identify(.) by extensions ['colcon_meta']
[1.319s] Level 1:colcon.colcon_core.package_identification:_identify(.) by extension 'colcon_meta'
[1.319s] Level 1:colcon.colcon_core.package_identification:_identify(.) by extensions ['ros']
[1.319s] Level 1:colcon.colcon_core.package_identification:_identify(.) by extension 'ros'
[1.460s] Level 1:colcon.colcon_core.package_identification:_identify(.) by extensions ['cmake', 'python']
[1.460s] Level 1:colcon.colcon_core.package_identification:_identify(.) by extension 'cmake'
[1.460s] Level 1:colcon.colcon_core.package_identification:_identify(.) by extension 'python'
[1.460s] Level 1:colcon.colcon_core.package_identification:_identify(.) by extensions ['python_setup_py']
[1.460s] Level 1:colcon.colcon_core.package_identification:_identify(.) by extension 'python_setup_py'
[1.461s] Level 1:colcon.colcon_core.package_identification:_identify(build) by extensions ['ignore', 'ignore_ament_install']
[1.462s] Level 1:colcon.colcon_core.package_identification:_identify(build) by extension 'ignore'
[1.462s] Level 1:colcon.colcon_core.package_identification:_identify(build) ignored
[1.462s] Level 1:colcon.colcon_core.package_identification:_identify(install) by extensions ['ignore', 'ignore_ament_install']
[1.463s] Level 1:colcon.colcon_core.package_identification:_identify(install) by extension 'ignore'
[1.463s] Level 1:colcon.colcon_core.package_identification:_identify(install) ignored
[1.464s] Level 1:colcon.colcon_core.package_identification:_identify(log) by extensions ['ignore', 'ignore_ament_install']
[1.464s] Level 1:colcon.colcon_core.package_identification:_identify(log) by extension 'ignore'
[1.465s] Level 1:colcon.colcon_core.package_identification:_identify(log) ignored
[1.465s] Level 1:colcon.colcon_core.package_identification:_identify(src) by extensions ['ignore', 'ignore_ament_install']
[1.465s] Level 1:colcon.colcon_core.package_identification:_identify(src) by extension 'ignore'
[1.466s] Level 1:colcon.colcon_core.package_identification:_identify(src) by extension 'ignore_ament_install'
[1.466s] Level 1:colcon.colcon_core.package_identification:_identify(src) by extensions ['colcon_pkg']
[1.466s] Level 1:colcon.colcon_core.package_identification:_identify(src) by extension 'colcon_pkg'
[1.466s] Level 1:colcon.colcon_core.package_identification:_identify(src) by extensions ['colcon_meta']
[1.466s] Level 1:colcon.colcon_core.package_identification:_identify(src) by extension 'colcon_meta'
[1.466s] Level 1:colcon.colcon_core.package_identification:_identify(src) by extensions ['ros']
[1.467s] Level 1:colcon.colcon_core.package_identification:_identify(src) by extension 'ros'
[1.467s] Level 1:colcon.colcon_core.package_identification:_identify(src) by extensions ['cmake', 'python']
[1.467s] Level 1:colcon.colcon_core.package_identification:_identify(src) by extension 'cmake'
[1.467s] Level 1:colcon.colcon_core.package_identification:_identify(src) by extension 'python'
[1.468s] Level 1:colcon.colcon_core.package_identification:_identify(src) by extensions ['python_setup_py']
[1.468s] Level 1:colcon.colcon_core.package_identification:_identify(src) by extension 'python_setup_py'
[1.468s] Level 1:colcon.colcon_core.package_identification:_identify(src/my_picar_driver) by extensions ['ignore', 'ignore_ament_install']
[1.469s] Level 1:colcon.colcon_core.package_identification:_identify(src/my_picar_driver) by extension 'ignore'
[1.469s] Level 1:colcon.colcon_core.package_identification:_identify(src/my_picar_driver) by extension 'ignore_ament_install'
[1.469s] Level 1:colcon.colcon_core.package_identification:_identify(src/my_picar_driver) by extensions ['colcon_pkg']
[1.469s] Level 1:colcon.colcon_core.package_identification:_identify(src/my_picar_driver) by extension 'colcon_pkg'
[1.469s] Level 1:colcon.colcon_core.package_identification:_identify(src/my_picar_driver) by extensions ['colcon_meta']
[1.470s] Level 1:colcon.colcon_core.package_identification:_identify(src/my_picar_driver) by extension 'colcon_meta'
[1.470s] Level 1:colcon.colcon_core.package_identification:_identify(src/my_picar_driver) by extensions ['ros']
[1.470s] Level 1:colcon.colcon_core.package_identification:_identify(src/my_picar_driver) by extension 'ros'
[1.487s] DEBUG:colcon.colcon_core.package_identification:Package 'src/my_picar_driver' with type 'ros.ament_python' and name 'my_picar_driver'
[1.488s] Level 1:colcon.colcon_core.package_discovery:discover_packages(recursive) using defaults
[1.488s] Level 1:colcon.colcon_core.package_discovery:discover_packages(ignore) discover
[1.488s] Level 1:colcon.colcon_core.package_discovery:discover_packages(ignore) using defaults
[1.488s] Level 1:colcon.colcon_core.package_discovery:discover_packages(path) discover
[1.488s] Level 1:colcon.colcon_core.package_discovery:discover_packages(path) using defaults
[1.592s] Level 1:colcon.colcon_core.package_discovery:discover_packages(prefix_path) check parameters
[1.592s] Level 1:colcon.colcon_core.package_discovery:discover_packages(prefix_path) discover
[1.607s] DEBUG:colcon.colcon_installed_package_information.package_discovery:Found 1 installed packages in /home/ubuntu/picar_ws/install
[1.617s] DEBUG:colcon.colcon_installed_package_information.package_discovery:Found 194 installed packages in /opt/ros/jazzy
[1.621s] Level 1:colcon.colcon_core.package_discovery:discover_packages(prefix_path) using defaults
[1.770s] Level 5:colcon.colcon_core.verb:set package 'my_picar_driver' build argument 'cmake_args' from command line to 'None'
[1.771s] Level 5:colcon.colcon_core.verb:set package 'my_picar_driver' build argument 'cmake_target' from command line to 'None'
[1.771s] Level 5:colcon.colcon_core.verb:set package 'my_picar_driver' build argument 'cmake_target_skip_unavailable' from command line to 'False'
[1.771s] Level 5:colcon.colcon_core.verb:set package 'my_picar_driver' build argument 'cmake_clean_cache' from command line to 'False'
[1.771s] Level 5:colcon.colcon_core.verb:set package 'my_picar_driver' build argument 'cmake_clean_first' from command line to 'False'
[1.771s] Level 5:colcon.colcon_core.verb:set package 'my_picar_driver' build argument 'cmake_force_configure' from command line to 'False'
[1.771s] Level 5:colcon.colcon_core.verb:set package 'my_picar_driver' build argument 'ament_cmake_args' from command line to 'None'
[1.771s] Level 5:colcon.colcon_core.verb:set package 'my_picar_driver' build argument 'catkin_cmake_args' from command line to 'None'
[1.771s] Level 5:colcon.colcon_core.verb:set package 'my_picar_driver' build argument 'catkin_skip_building_tests' from command line to 'False'
[1.771s] DEBUG:colcon.colcon_core.verb:Building package 'my_picar_driver' with the following arguments: {'ament_cmake_args': None, 'build_base': '/home/ubuntu/picar_ws/build/my_picar_driver', 'catkin_cmake_args': None, 'catkin_skip_building_tests': False, 'cmake_args': None, 'cmake_clean_cache': False, 'cmake_clean_first': False, 'cmake_force_configure': False, 'cmake_target': None, 'cmake_target_skip_unavailable': False, 'install_base': '/home/ubuntu/picar_ws/install/my_picar_driver', 'merge_install': False, 'path': '/home/ubuntu/picar_ws/src/my_picar_driver', 'symlink_install': False, 'test_result_base': None}
[1.772s] INFO:colcon.colcon_core.executor:Executing jobs using 'parallel' executor
[1.775s] DEBUG:colcon.colcon_parallel_executor.executor.parallel:run_until_complete
[1.776s] INFO:colcon.colcon_ros.task.ament_python.build:Building ROS package in '/home/ubuntu/picar_ws/src/my_picar_driver' with build type 'ament_python'
[1.777s] Level 1:colcon.colcon_core.shell:create_environment_hook('my_picar_driver', 'ament_prefix_path')
[1.797s] INFO:colcon.colcon_core.plugin_system:Skipping extension 'colcon_core.shell.bat': Not used on non-Windows systems
[1.799s] INFO:colcon.colcon_core.shell:Creating environment hook '/home/ubuntu/picar_ws/install/my_picar_driver/share/my_picar_driver/hook/ament_prefix_path.ps1'
[1.803s] INFO:colcon.colcon_core.shell:Creating environment descriptor '/home/ubuntu/picar_ws/install/my_picar_driver/share/my_picar_driver/hook/ament_prefix_path.dsv'
[1.806s] INFO:colcon.colcon_core.shell:Creating environment hook '/home/ubuntu/picar_ws/install/my_picar_driver/share/my_picar_driver/hook/ament_prefix_path.sh'
[1.810s] INFO:colcon.colcon_core.shell:Skip shell extension 'powershell' for command environment: Not usable outside of PowerShell
[1.810s] DEBUG:colcon.colcon_core.shell:Skip shell extension 'dsv' for command environment
[2.765s] INFO:colcon.colcon_core.task.python.build:Building Python package in '/home/ubuntu/picar_ws/src/my_picar_driver'
[2.765s] INFO:colcon.colcon_core.shell:Skip shell extension 'powershell' for command environment: Not usable outside of PowerShell
[2.766s] DEBUG:colcon.colcon_core.shell:Skip shell extension 'dsv' for command environment
[6.016s] DEBUG:colcon.colcon_core.event_handler.log_command:Invoking command in '/home/ubuntu/picar_ws/build/my_picar_driver': PYTHONPATH=/home/ubuntu/picar_ws/build/my_picar_driver/prefix_override:/usr/lib/python3/dist-packages/colcon_core/task/python/colcon_distutils_commands:/home/ubuntu/picar_ws/install/my_picar_driver/lib/python3.12/site-packages:${PYTHONPATH} /usr/bin/python3 -W ignore:setup.py install is deprecated -W ignore:easy_install command is deprecated setup.py develop --uninstall --editable --build-directory /home/ubuntu/picar_ws/build/my_picar_driver/build
[8.397s] DEBUG:colcon.colcon_core.event_handler.log_command:Invoked command in '/home/ubuntu/picar_ws/build/my_picar_driver' returned '0': PYTHONPATH=/home/ubuntu/picar_ws/build/my_picar_driver/prefix_override:/usr/lib/python3/dist-packages/colcon_core/task/python/colcon_distutils_commands:/home/ubuntu/picar_ws/install/my_picar_driver/lib/python3.12/site-packages:${PYTHONPATH} /usr/bin/python3 -W ignore:setup.py install is deprecated -W ignore:easy_install command is deprecated setup.py develop --uninstall --editable --build-directory /home/ubuntu/picar_ws/build/my_picar_driver/build
[8.403s] DEBUG:colcon.colcon_core.event_handler.log_command:Invoking command in '/home/ubuntu/picar_ws/src/my_picar_driver': PYTHONPATH=/home/ubuntu/picar_ws/build/my_picar_driver/prefix_override:/usr/lib/python3/dist-packages/colcon_core/task/python/colcon_distutils_commands:/home/ubuntu/picar_ws/install/my_picar_driver/lib/python3.12/site-packages:${PYTHONPATH} /usr/bin/python3 -W ignore:setup.py install is deprecated -W ignore:easy_install command is deprecated setup.py egg_info --egg-base ../../build/my_picar_driver build --build-base /home/ubuntu/picar_ws/build/my_picar_driver/build install --record /home/ubuntu/picar_ws/build/my_picar_driver/install.log --single-version-externally-managed install_data --force
[10.762s] DEBUG:colcon.colcon_core.event_handler.log_command:Invoked command in '/home/ubuntu/picar_ws/src/my_picar_driver' returned '0': PYTHONPATH=/home/ubuntu/picar_ws/build/my_picar_driver/prefix_override:/usr/lib/python3/dist-packages/colcon_core/task/python/colcon_distutils_commands:/home/ubuntu/picar_ws/install/my_picar_driver/lib/python3.12/site-packages:${PYTHONPATH} /usr/bin/python3 -W ignore:setup.py install is deprecated -W ignore:easy_install command is deprecated setup.py egg_info --egg-base ../../build/my_picar_driver build --build-base /home/ubuntu/picar_ws/build/my_picar_driver/build install --record /home/ubuntu/picar_ws/build/my_picar_driver/install.log --single-version-externally-managed install_data --force
[10.793s] Level 1:colcon.colcon_core.environment:checking '/home/ubuntu/picar_ws/install/my_picar_driver' for CMake module files
[10.796s] Level 1:colcon.colcon_core.environment:checking '/home/ubuntu/picar_ws/install/my_picar_driver' for CMake config files
[10.801s] Level 1:colcon.colcon_core.environment:checking '/home/ubuntu/picar_ws/install/my_picar_driver/lib'
[10.802s] Level 1:colcon.colcon_core.environment:checking '/home/ubuntu/picar_ws/install/my_picar_driver/bin'
[10.802s] Level 1:colcon.colcon_core.environment:checking '/home/ubuntu/picar_ws/install/my_picar_driver/lib/pkgconfig/my_picar_driver.pc'
[10.803s] Level 1:colcon.colcon_core.environment:checking '/home/ubuntu/picar_ws/install/my_picar_driver/lib/python3.12/site-packages'
[10.804s] Level 1:colcon.colcon_core.shell:create_environment_hook('my_picar_driver', 'pythonpath')
[10.804s] INFO:colcon.colcon_core.shell:Creating environment hook '/home/ubuntu/picar_ws/install/my_picar_driver/share/my_picar_driver/hook/pythonpath.ps1'
[10.806s] INFO:colcon.colcon_core.shell:Creating environment descriptor '/home/ubuntu/picar_ws/install/my_picar_driver/share/my_picar_driver/hook/pythonpath.dsv'
[10.808s] INFO:colcon.colcon_core.shell:Creating environment hook '/home/ubuntu/picar_ws/install/my_picar_driver/share/my_picar_driver/hook/pythonpath.sh'
[10.812s] Level 1:colcon.colcon_core.environment:checking '/home/ubuntu/picar_ws/install/my_picar_driver/bin'
[10.812s] Level 1:colcon.colcon_core.environment:create_environment_scripts_only(my_picar_driver)
[10.813s] INFO:colcon.colcon_core.shell:Creating package script '/home/ubuntu/picar_ws/install/my_picar_driver/share/my_picar_driver/package.ps1'
[10.817s] INFO:colcon.colcon_core.shell:Creating package descriptor '/home/ubuntu/picar_ws/install/my_picar_driver/share/my_picar_driver/package.dsv'
[10.820s] INFO:colcon.colcon_core.shell:Creating package script '/home/ubuntu/picar_ws/install/my_picar_driver/share/my_picar_driver/package.sh'
[10.824s] INFO:colcon.colcon_core.shell:Creating package script '/home/ubuntu/picar_ws/install/my_picar_driver/share/my_picar_driver/package.bash'
[10.829s] INFO:colcon.colcon_core.shell:Creating package script '/home/ubuntu/picar_ws/install/my_picar_driver/share/my_picar_driver/package.zsh'
[10.833s] Level 1:colcon.colcon_core.environment:create_file_with_runtime_dependencies(/home/ubuntu/picar_ws/install/my_picar_driver/share/colcon-core/packages/my_picar_driver)
[10.835s] DEBUG:colcon.colcon_parallel_executor.executor.parallel:closing loop
[10.837s] DEBUG:colcon.colcon_parallel_executor.executor.parallel:loop closed
[10.837s] DEBUG:colcon.colcon_parallel_executor.executor.parallel:run_until_complete finished with '0'
[10.838s] DEBUG:colcon.colcon_core.event_reactor:joining thread
[10.865s] INFO:colcon.colcon_core.plugin_system:Skipping extension 'colcon_notification.desktop_notification.notify_send': Could not find 'notify-send'
[10.865s] INFO:colcon.colcon_core.plugin_system:Skipping extension 'colcon_notification.desktop_notification.terminal_notifier': Not used on non-Darwin systems
[10.866s] INFO:colcon.colcon_core.plugin_system:Skipping extension 'colcon_notification.desktop_notification.win32': Not used on non-Windows systems
[10.866s] INFO:colcon.colcon_notification.desktop_notification:Sending desktop notification using 'notify2'
[10.915s] DEBUG:colcon.colcon_notification.desktop_notification.notify2:Failed to initialize notify2: org.freedesktop.DBus.Error.ServiceUnknown: The name org.freedesktop.Notifications was not provided by any .service files
[10.916s] DEBUG:colcon.colcon_core.event_reactor:joined thread
[10.917s] INFO:colcon.colcon_core.shell:Creating prefix script '/home/ubuntu/picar_ws/install/local_setup.ps1'
[10.921s] INFO:colcon.colcon_core.shell:Creating prefix util module '/home/ubuntu/picar_ws/install/_local_setup_util_ps1.py'
[10.927s] INFO:colcon.colcon_core.shell:Creating prefix chain script '/home/ubuntu/picar_ws/install/setup.ps1'
[10.932s] INFO:colcon.colcon_core.shell:Creating prefix script '/home/ubuntu/picar_ws/install/local_setup.sh'
[10.935s] INFO:colcon.colcon_core.shell:Creating prefix util module '/home/ubuntu/picar_ws/install/_local_setup_util_sh.py'
[10.938s] INFO:colcon.colcon_core.shell:Creating prefix chain script '/home/ubuntu/picar_ws/install/setup.sh'
[10.943s] INFO:colcon.colcon_core.shell:Creating prefix script '/home/ubuntu/picar_ws/install/local_setup.bash'
[10.946s] INFO:colcon.colcon_core.shell:Creating prefix chain script '/home/ubuntu/picar_ws/install/setup.bash'
[10.951s] INFO:colcon.colcon_core.shell:Creating prefix script '/home/ubuntu/picar_ws/install/local_setup.zsh'
[10.955s] INFO:colcon.colcon_core.shell:Creating prefix chain script '/home/ubuntu/picar_ws/install/setup.zsh'
